#! /usr/local/bin/vvp
:ivl_version "10.1 (stable)" "(v10_1-129-g19444dd2)";
:ivl_delay_selection "TYPICAL";
:vpi_time_precision + 0;
:vpi_module "system";
:vpi_module "vhdl_sys";
:vpi_module "v2005_math";
:vpi_module "va_math";
S_0x55a4975a14c0 .scope module, "tb_proc" "tb_proc" 2 1;
 .timescale 0 0;
v0x55a4975bd7c0_0 .var "clk", 0 0;
v0x55a4975bd860_0 .var "instr", 31 0;
v0x55a4975bd900_0 .net "res", 8 0, L_0x55a4975bda40;  1 drivers
v0x55a4975bd9a0 .array "temp", 3 0, 7 0;
S_0x55a497566080 .scope module, "p1" "proc" 2 7, 3 13 0, S_0x55a4975a14c0;
 .timescale 0 0;
    .port_info 0 /INPUT 1 "clk"
    .port_info 1 /INPUT 32 "instr"
    .port_info 2 /OUTPUT 9 "res"
L_0x55a4975bda40 .functor BUFZ 9, v0x55a49758f2e0_0, C4<000000000>, C4<000000000>, C4<000000000>;
v0x55a49758cf00_0 .net "clk", 0 0, v0x55a4975bd7c0_0;  1 drivers
v0x55a49758e0f0_0 .var "data_exec", 23 0;
v0x55a49758f2e0_0 .var "data_write", 8 0;
v0x55a4975904d0_0 .net "instr", 31 0, v0x55a4975bd860_0;  1 drivers
v0x55a49757a0a0_0 .var "instr_add", 0 0;
v0x55a49758b510_0 .var "instr_and", 0 0;
v0x55a4975bd400_0 .var "instr_fetch", 0 0;
v0x55a4975bd4c0_0 .var "location_write", 7 0;
v0x55a4975bd5a0_0 .net "res", 8 0, L_0x55a4975bda40;  alias, 1 drivers
v0x55a4975bd680 .array "storage", 0 7, 8 0;
E_0x55a49759b700 .event posedge, v0x55a49758cf00_0;
    .scope S_0x55a497566080;
T_0 ;
    %wait E_0x55a49759b700;
    %pushi/vec4 0, 0, 1;
    %assign/vec4 v0x55a49757a0a0_0, 0;
    %pushi/vec4 0, 0, 1;
    %assign/vec4 v0x55a49758b510_0, 0;
    %pushi/vec4 0, 0, 1;
    %assign/vec4 v0x55a4975bd400_0, 0;
    %load/vec4 v0x55a4975904d0_0;
    %parti/s 8, 24, 6;
    %pad/u 32;
    %cmpi/e 0, 0, 32;
    %jmp/0xz  T_0.0, 4;
    %pushi/vec4 1, 0, 1;
    %assign/vec4 v0x55a49758b510_0, 0;
    %jmp T_0.1;
T_0.0 ;
    %load/vec4 v0x55a4975904d0_0;
    %parti/s 8, 24, 6;
    %pad/u 32;
    %cmpi/e 1, 0, 32;
    %jmp/0xz  T_0.2, 4;
    %pushi/vec4 1, 0, 1;
    %assign/vec4 v0x55a49757a0a0_0, 0;
    %jmp T_0.3;
T_0.2 ;
    %load/vec4 v0x55a4975904d0_0;
    %parti/s 8, 24, 6;
    %pad/u 32;
    %cmpi/e 2, 0, 32;
    %jmp/0xz  T_0.4, 4;
    %pushi/vec4 1, 0, 1;
    %assign/vec4 v0x55a4975bd400_0, 0;
T_0.4 ;
T_0.3 ;
T_0.1 ;
    %load/vec4 v0x55a4975904d0_0;
    %parti/s 24, 0, 2;
    %assign/vec4 v0x55a49758e0f0_0, 0;
    %jmp T_0;
    .thread T_0;
    .scope S_0x55a497566080;
T_1 ;
    %wait E_0x55a49759b700;
    %load/vec4 v0x55a49757a0a0_0;
    %pad/u 32;
    %cmpi/e 1, 0, 32;
    %jmp/0xz  T_1.0, 4;
    %load/vec4 v0x55a49758e0f0_0;
    %parti/s 8, 0, 2;
    %pad/u 9;
    %load/vec4 v0x55a49758e0f0_0;
    %parti/s 8, 8, 5;
    %pad/u 9;
    %add;
    %assign/vec4 v0x55a49758f2e0_0, 0;
    %jmp T_1.1;
T_1.0 ;
    %load/vec4 v0x55a49758b510_0;
    %pad/u 32;
    %cmpi/e 1, 0, 32;
    %jmp/0xz  T_1.2, 4;
    %load/vec4 v0x55a49758e0f0_0;
    %parti/s 8, 0, 2;
    %pad/u 9;
    %load/vec4 v0x55a49758e0f0_0;
    %parti/s 8, 8, 5;
    %pad/u 9;
    %and;
    %assign/vec4 v0x55a49758f2e0_0, 0;
    %jmp T_1.3;
T_1.2 ;
    %load/vec4 v0x55a4975bd400_0;
    %pad/u 32;
    %cmpi/e 1, 0, 32;
    %jmp/0xz  T_1.4, 4;
    %load/vec4 v0x55a49758e0f0_0;
    %parti/s 8, 0, 2;
    %ix/vec4 4;
    %load/vec4a v0x55a4975bd680, 4;
    %assign/vec4 v0x55a49758f2e0_0, 0;
T_1.4 ;
T_1.3 ;
T_1.1 ;
    %load/vec4 v0x55a49758e0f0_0;
    %parti/s 8, 16, 6;
    %assign/vec4 v0x55a4975bd4c0_0, 0;
    %jmp T_1;
    .thread T_1;
    .scope S_0x55a497566080;
T_2 ;
    %wait E_0x55a49759b700;
    %load/vec4 v0x55a49758f2e0_0;
    %ix/getv 3, v0x55a4975bd4c0_0;
    %ix/load 4, 0, 0; Constant delay
    %assign/vec4/a/d v0x55a4975bd680, 0, 4;
    %jmp T_2;
    .thread T_2;
    .scope S_0x55a4975a14c0;
T_3 ;
    %pushi/vec4 0, 0, 1;
    %store/vec4 v0x55a4975bd7c0_0, 0, 1;
    %vpi_call 2 14 "$dumpfile", "a.vcd" {0 0 0};
    %vpi_call 2 15 "$dumpvars" {0 0 0};
    %pushi/vec4 0, 0, 8;
    %ix/load 4, 3, 0;
    %flag_set/imm 4, 0;
    %store/vec4a v0x55a4975bd9a0, 4, 0;
    %pushi/vec4 3, 0, 8;
    %ix/load 4, 2, 0;
    %flag_set/imm 4, 0;
    %store/vec4a v0x55a4975bd9a0, 4, 0;
    %pushi/vec4 57, 0, 8;
    %ix/load 4, 1, 0;
    %flag_set/imm 4, 0;
    %store/vec4a v0x55a4975bd9a0, 4, 0;
    %pushi/vec4 100, 0, 8;
    %ix/load 4, 0, 0;
    %flag_set/imm 4, 0;
    %store/vec4a v0x55a4975bd9a0, 4, 0;
    %wait E_0x55a49759b700;
    %ix/load 4, 3, 0;
    %flag_set/imm 4, 0;
    %load/vec4a v0x55a4975bd9a0, 4;
    %ix/load 4, 2, 0;
    %flag_set/imm 4, 0;
    %load/vec4a v0x55a4975bd9a0, 4;
    %concat/vec4; draw_concat_vec4
    %ix/load 4, 1, 0;
    %flag_set/imm 4, 0;
    %load/vec4a v0x55a4975bd9a0, 4;
    %concat/vec4; draw_concat_vec4
    %ix/load 4, 0, 0;
    %flag_set/imm 4, 0;
    %load/vec4a v0x55a4975bd9a0, 4;
    %concat/vec4; draw_concat_vec4
    %assign/vec4 v0x55a4975bd860_0, 0;
    %pushi/vec4 1, 0, 8;
    %ix/load 4, 3, 0;
    %flag_set/imm 4, 0;
    %store/vec4a v0x55a4975bd9a0, 4, 0;
    %pushi/vec4 4, 0, 8;
    %ix/load 4, 2, 0;
    %flag_set/imm 4, 0;
    %store/vec4a v0x55a4975bd9a0, 4, 0;
    %pushi/vec4 255, 0, 8;
    %ix/load 4, 1, 0;
    %flag_set/imm 4, 0;
    %store/vec4a v0x55a4975bd9a0, 4, 0;
    %pushi/vec4 255, 0, 8;
    %ix/load 4, 0, 0;
    %flag_set/imm 4, 0;
    %store/vec4a v0x55a4975bd9a0, 4, 0;
    %wait E_0x55a49759b700;
    %ix/load 4, 3, 0;
    %flag_set/imm 4, 0;
    %load/vec4a v0x55a4975bd9a0, 4;
    %ix/load 4, 2, 0;
    %flag_set/imm 4, 0;
    %load/vec4a v0x55a4975bd9a0, 4;
    %concat/vec4; draw_concat_vec4
    %ix/load 4, 1, 0;
    %flag_set/imm 4, 0;
    %load/vec4a v0x55a4975bd9a0, 4;
    %concat/vec4; draw_concat_vec4
    %ix/load 4, 0, 0;
    %flag_set/imm 4, 0;
    %load/vec4a v0x55a4975bd9a0, 4;
    %concat/vec4; draw_concat_vec4
    %assign/vec4 v0x55a4975bd860_0, 0;
    %pushi/vec4 2, 0, 8;
    %ix/load 4, 3, 0;
    %flag_set/imm 4, 0;
    %store/vec4a v0x55a4975bd9a0, 4, 0;
    %pushi/vec4 5, 0, 8;
    %ix/load 4, 2, 0;
    %flag_set/imm 4, 0;
    %store/vec4a v0x55a4975bd9a0, 4, 0;
    %pushi/vec4 57, 0, 8;
    %ix/load 4, 1, 0;
    %flag_set/imm 4, 0;
    %store/vec4a v0x55a4975bd9a0, 4, 0;
    %pushi/vec4 3, 0, 8;
    %ix/load 4, 0, 0;
    %flag_set/imm 4, 0;
    %store/vec4a v0x55a4975bd9a0, 4, 0;
    %wait E_0x55a49759b700;
    %ix/load 4, 3, 0;
    %flag_set/imm 4, 0;
    %load/vec4a v0x55a4975bd9a0, 4;
    %ix/load 4, 2, 0;
    %flag_set/imm 4, 0;
    %load/vec4a v0x55a4975bd9a0, 4;
    %concat/vec4; draw_concat_vec4
    %ix/load 4, 1, 0;
    %flag_set/imm 4, 0;
    %load/vec4a v0x55a4975bd9a0, 4;
    %concat/vec4; draw_concat_vec4
    %ix/load 4, 0, 0;
    %flag_set/imm 4, 0;
    %load/vec4a v0x55a4975bd9a0, 4;
    %concat/vec4; draw_concat_vec4
    %assign/vec4 v0x55a4975bd860_0, 0;
    %pushi/vec4 2, 0, 8;
    %ix/load 4, 3, 0;
    %flag_set/imm 4, 0;
    %store/vec4a v0x55a4975bd9a0, 4, 0;
    %pushi/vec4 6, 0, 8;
    %ix/load 4, 2, 0;
    %flag_set/imm 4, 0;
    %store/vec4a v0x55a4975bd9a0, 4, 0;
    %pushi/vec4 57, 0, 8;
    %ix/load 4, 1, 0;
    %flag_set/imm 4, 0;
    %store/vec4a v0x55a4975bd9a0, 4, 0;
    %pushi/vec4 4, 0, 8;
    %ix/load 4, 0, 0;
    %flag_set/imm 4, 0;
    %store/vec4a v0x55a4975bd9a0, 4, 0;
    %wait E_0x55a49759b700;
    %ix/load 4, 3, 0;
    %flag_set/imm 4, 0;
    %load/vec4a v0x55a4975bd9a0, 4;
    %ix/load 4, 2, 0;
    %flag_set/imm 4, 0;
    %load/vec4a v0x55a4975bd9a0, 4;
    %concat/vec4; draw_concat_vec4
    %ix/load 4, 1, 0;
    %flag_set/imm 4, 0;
    %load/vec4a v0x55a4975bd9a0, 4;
    %concat/vec4; draw_concat_vec4
    %ix/load 4, 0, 0;
    %flag_set/imm 4, 0;
    %load/vec4a v0x55a4975bd9a0, 4;
    %concat/vec4; draw_concat_vec4
    %assign/vec4 v0x55a4975bd860_0, 0;
    %delay 100, 0;
    %vpi_call 2 39 "$finish" {0 0 0};
    %end;
    .thread T_3;
    .scope S_0x55a4975a14c0;
T_4 ;
    %delay 5, 0;
    %load/vec4 v0x55a4975bd7c0_0;
    %inv;
    %store/vec4 v0x55a4975bd7c0_0, 0, 1;
    %jmp T_4;
    .thread T_4;
# The file index is used to find the file name in the following table.
:file_names 4;
    "N/A";
    "<interactive>";
    "tb_proc.v";
    "proc.v";
