#! c:/iverilog-x64/bin/vvp
:ivl_version "10.1 (stable)" "(v10_1_1)";
:ivl_delay_selection "TYPICAL";
:vpi_time_precision + 0;
:vpi_module "system";
:vpi_module "vhdl_sys";
:vpi_module "v2005_math";
:vpi_module "va_math";
S_0000000002845c40 .scope module, "tb_pixl" "tb_pixl" 2 1;
 .timescale 0 0;
P_00000000028a43a0 .param/l "c_CLOCK_PERIOD_NS" 1 2 9, +C4<00000000000000000000000000010100>;
v0000000002927990_0 .net "buf1r", 7 0, L_0000000002884690;  1 drivers
v00000000029281b0_0 .var "buf1w", 7 0;
v0000000002928b10_0 .var "clk", 0 0;
v0000000002928bb0_0 .var "rd1", 0 0;
v0000000002927350_0 .var "rd2", 0 0;
v0000000002927a30_0 .var "reset", 0 0;
o00000000028c1688 .functor BUFZ 1, C4<z>; HiZ drive
v0000000002927cb0_0 .net "rx", 0 0, o00000000028c1688;  0 drivers
v00000000029277b0_0 .net "rx_empty1", 0 0, L_0000000002883970;  1 drivers
RS_00000000028c1a18 .resolv tri, v00000000029243d0_0, v000000000291fda0_0;
v00000000029289d0_0 .net8 "tx", 0 0, RS_00000000028c1a18;  2 drivers
v0000000002928430_0 .net "tx_full1", 0 0, L_0000000002883f90;  1 drivers
v0000000002927f30_0 .var "wr1", 0 0;
S_000000000282c870 .scope module, "p1" "pixl" 2 15, 3 1 0, S_0000000002845c40;
 .timescale 0 0;
    .port_info 0 /INPUT 1 "clk"
    .port_info 1 /INPUT 1 "rst"
    .port_info 2 /INPUT 1 "rx"
    .port_info 3 /OUTPUT 1 "tx"
v0000000002920980_0 .net "buf1r", 7 0, L_000000000281c100;  1 drivers
v0000000002920520_0 .var "buf1w", 7 0;
v0000000002920840_0 .net "clk", 0 0, v0000000002928b10_0;  1 drivers
v0000000002920ca0_0 .var/i "count", 31 0;
v0000000002920340_0 .var/i "counter_data_write", 31 0;
v0000000002920d40 .array "data_reg", 8 0, 7 0;
v000000000291f260 .array "data_write", 7 0, 7 0;
v000000000291f620_0 .var "flag_write_data", 0 0;
v000000000291f9e0_0 .var/i "iter", 31 0;
v000000000291fb20_0 .var "opA", 31 0;
v000000000291fee0_0 .var "opB", 31 0;
v0000000002920de0 .array "prod", 0 3, 7 0;
v00000000029207a0_0 .var "rd1", 0 0;
v00000000029203e0_0 .net "rst", 0 0, v0000000002927a30_0;  1 drivers
v000000000291fbc0_0 .net "rx", 0 0, o00000000028c1688;  alias, 0 drivers
v000000000291ff80_0 .net "rx_empty1", 0 0, L_000000000281c800;  1 drivers
v0000000002920480_0 .var "temp", 16 0;
v00000000029205c0_0 .net8 "tx", 0 0, RS_00000000028c1a18;  alias, 2 drivers
v0000000002920660_0 .net "tx_full1", 0 0, L_000000000282b9d0;  1 drivers
v0000000002923900_0 .var "wr1", 0 0;
v00000000029230e0_0 .var "wt1", 31 0;
v00000000029226e0_0 .var "wt2", 31 0;
v0000000002920d40_0 .array/port v0000000002920d40, 0;
v0000000002920d40_1 .array/port v0000000002920d40, 1;
v0000000002920d40_2 .array/port v0000000002920d40, 2;
v0000000002920d40_3 .array/port v0000000002920d40, 3;
E_00000000028a53a0/0 .event edge, v0000000002920d40_0, v0000000002920d40_1, v0000000002920d40_2, v0000000002920d40_3;
v0000000002920d40_4 .array/port v0000000002920d40, 4;
v0000000002920d40_5 .array/port v0000000002920d40, 5;
v0000000002920d40_6 .array/port v0000000002920d40, 6;
v0000000002920d40_7 .array/port v0000000002920d40, 7;
E_00000000028a53a0/1 .event edge, v0000000002920d40_4, v0000000002920d40_5, v0000000002920d40_6, v0000000002920d40_7;
v0000000002920d40_8 .array/port v0000000002920d40, 8;
E_00000000028a53a0/2 .event edge, v0000000002920d40_8, v000000000291f9e0_0, v000000000291fb20_0, v00000000029230e0_0;
E_00000000028a53a0/3 .event edge, v0000000002920480_0;
E_00000000028a53a0 .event/or E_00000000028a53a0/0, E_00000000028a53a0/1, E_00000000028a53a0/2, E_00000000028a53a0/3;
E_00000000028a6aa0 .event negedge, v0000000002840420_0;
S_000000000282c9f0 .scope module, "uart1" "uart" 3 11, 4 2 0, S_000000000282c870;
 .timescale 0 0;
    .port_info 0 /INPUT 1 "clk"
    .port_info 1 /INPUT 1 "reset"
    .port_info 2 /INPUT 1 "rd_uart"
    .port_info 3 /INPUT 1 "wr_uart"
    .port_info 4 /INPUT 1 "rx"
    .port_info 5 /INPUT 8 "w_data"
    .port_info 6 /OUTPUT 1 "tx_full"
    .port_info 7 /OUTPUT 1 "rx_empty"
    .port_info 8 /OUTPUT 1 "tx"
    .port_info 9 /OUTPUT 8 "r_data"
P_00000000028939e0 .param/l "DBIT" 0 4 3, +C4<00000000000000000000000000001000>;
P_0000000002893a18 .param/l "DVSR" 0 4 5, +C4<00000000000000000000000010100011>;
P_0000000002893a50 .param/l "DVSR_BIT" 0 4 6, +C4<00000000000000000000000000001000>;
P_0000000002893a88 .param/l "FIFO_W" 0 4 7, +C4<00000000000000000000000000001000>;
P_0000000002893ac0 .param/l "SB_TICK" 0 4 4, +C4<00000000000000000000000000010000>;
L_000000000282bc70 .functor NOT 1, v000000000291a460_0, C4<0>, C4<0>, C4<0>;
v000000000291fe40_0 .net "clk", 0 0, v0000000002928b10_0;  alias, 1 drivers
v000000000291f6c0_0 .net "r_data", 7 0, L_000000000281c100;  alias, 1 drivers
v0000000002920700_0 .net "rd_uart", 0 0, v00000000029207a0_0;  1 drivers
v000000000291f120_0 .net "reset", 0 0, v0000000002927a30_0;  alias, 1 drivers
v0000000002920ac0_0 .net "rx", 0 0, o00000000028c1688;  alias, 0 drivers
v000000000291f080_0 .net "rx_data_out", 7 0, L_000000000281c870;  1 drivers
v000000000291f580_0 .net "rx_done_tick", 0 0, v000000000291adc0_0;  1 drivers
v00000000029208e0_0 .net "rx_empty", 0 0, L_000000000281c800;  alias, 1 drivers
v000000000291f940_0 .net "tick", 0 0, L_0000000002928c50;  1 drivers
v0000000002920a20_0 .net8 "tx", 0 0, RS_00000000028c1a18;  alias, 2 drivers
v000000000291f1c0_0 .net "tx_done_tick", 0 0, v000000000291f800_0;  1 drivers
v0000000002920e80_0 .net "tx_empty", 0 0, v000000000291a460_0;  1 drivers
v0000000002920f20_0 .net "tx_fifo_not_empty", 0 0, L_000000000282bc70;  1 drivers
v0000000002920c00_0 .net "tx_fifo_out", 7 0, L_000000000281ce20;  1 drivers
v0000000002920200_0 .net "tx_full", 0 0, L_000000000282b9d0;  alias, 1 drivers
v000000000291f3a0_0 .net "w_data", 7 0, v0000000002920520_0;  1 drivers
v00000000029202a0_0 .net "wr_uart", 0 0, v0000000002923900_0;  1 drivers
S_0000000002824b60 .scope module, "buad_gen_unit" "mod_m_counter" 4 14, 5 2 0, S_000000000282c9f0;
 .timescale 0 0;
    .port_info 0 /INPUT 1 "clk"
    .port_info 1 /INPUT 1 "reset"
    .port_info 2 /OUTPUT 1 "max_tick"
    .port_info 3 /OUTPUT 8 "q"
P_0000000002831ff0 .param/l "M" 0 5 2, +C4<00000000000000000000000010100011>;
P_0000000002832028 .param/l "N" 0 5 2, +C4<00000000000000000000000000001000>;
L_000000000281c250 .functor BUFZ 8, v000000000289d990_0, C4<00000000>, C4<00000000>, C4<00000000>;
v000000000289ca90_0 .net *"_s0", 31 0, L_0000000002928570;  1 drivers
L_0000000002929440 .functor BUFT 1, C4<00000001>, C4<0>, C4<0>, C4<0>;
v000000000289cb30_0 .net/2u *"_s10", 7 0, L_0000000002929440;  1 drivers
v000000000289cc70_0 .net *"_s12", 7 0, L_00000000029287f0;  1 drivers
v000000000289cef0_0 .net *"_s18", 31 0, L_0000000002928e30;  1 drivers
L_0000000002929488 .functor BUFT 1, C4<000000000000000000000000>, C4<0>, C4<0>, C4<0>;
v000000000289bb90_0 .net *"_s21", 23 0, L_0000000002929488;  1 drivers
L_00000000029294d0 .functor BUFT 1, C4<00000000000000000000000010100010>, C4<0>, C4<0>, C4<0>;
v000000000289d670_0 .net/2u *"_s22", 31 0, L_00000000029294d0;  1 drivers
v000000000289cf90_0 .net *"_s24", 0 0, L_0000000002928d90;  1 drivers
L_0000000002929518 .functor BUFT 1, C4<1>, C4<0>, C4<0>, C4<0>;
v000000000289c6d0_0 .net/2u *"_s26", 0 0, L_0000000002929518;  1 drivers
L_0000000002929560 .functor BUFT 1, C4<0>, C4<0>, C4<0>, C4<0>;
v000000000289bc30_0 .net/2u *"_s28", 0 0, L_0000000002929560;  1 drivers
L_0000000002929368 .functor BUFT 1, C4<000000000000000000000000>, C4<0>, C4<0>, C4<0>;
v000000000289d210_0 .net *"_s3", 23 0, L_0000000002929368;  1 drivers
L_00000000029293b0 .functor BUFT 1, C4<00000000000000000000000010100010>, C4<0>, C4<0>, C4<0>;
v000000000289da30_0 .net/2u *"_s4", 31 0, L_00000000029293b0;  1 drivers
v000000000289d0d0_0 .net *"_s6", 0 0, L_0000000002928750;  1 drivers
L_00000000029293f8 .functor BUFT 1, C4<00000000>, C4<0>, C4<0>, C4<0>;
v000000000289d7b0_0 .net/2u *"_s8", 7 0, L_00000000029293f8;  1 drivers
v000000000289d850_0 .net "clk", 0 0, v0000000002928b10_0;  alias, 1 drivers
v000000000289d170_0 .net "max_tick", 0 0, L_0000000002928c50;  alias, 1 drivers
v000000000289bf50_0 .net "q", 7 0, L_000000000281c250;  1 drivers
v000000000289c270_0 .net "r_next", 7 0, L_0000000002928890;  1 drivers
v000000000289d990_0 .var "r_reg", 7 0;
v000000000289bcd0_0 .net "reset", 0 0, v0000000002927a30_0;  alias, 1 drivers
E_00000000028a5fa0 .event posedge, v000000000289bcd0_0, v000000000289d850_0;
L_0000000002928570 .concat [ 8 24 0 0], v000000000289d990_0, L_0000000002929368;
L_0000000002928750 .cmp/eq 32, L_0000000002928570, L_00000000029293b0;
L_00000000029287f0 .arith/sum 8, v000000000289d990_0, L_0000000002929440;
L_0000000002928890 .functor MUXZ 8, L_00000000029287f0, L_00000000029293f8, L_0000000002928750, C4<>;
L_0000000002928e30 .concat [ 8 24 0 0], v000000000289d990_0, L_0000000002929488;
L_0000000002928d90 .cmp/eq 32, L_0000000002928e30, L_00000000029294d0;
L_0000000002928c50 .functor MUXZ 1, L_0000000002929560, L_0000000002929518, L_0000000002928d90, C4<>;
S_0000000002824ce0 .scope module, "fifo_rx_unit" "fifo" 4 17, 6 2 0, S_000000000282c9f0;
 .timescale 0 0;
    .port_info 0 /INPUT 1 "clk"
    .port_info 1 /INPUT 1 "reset"
    .port_info 2 /INPUT 1 "rd"
    .port_info 3 /INPUT 1 "wr"
    .port_info 4 /INPUT 8 "wdata"
    .port_info 5 /OUTPUT 1 "empty"
    .port_info 6 /OUTPUT 1 "full"
    .port_info 7 /OUTPUT 8 "rdata"
P_0000000002831e70 .param/l "B" 0 6 2, +C4<00000000000000000000000000001000>;
P_0000000002831ea8 .param/l "W" 0 6 2, +C4<00000000000000000000000000001000>;
L_000000000281c100 .functor BUFZ 8, L_0000000002928930, C4<00000000>, C4<00000000>, C4<00000000>;
L_000000000281c330 .functor NOT 1, v0000000002841000_0, C4<0>, C4<0>, C4<0>;
L_000000000281cc60 .functor AND 1, v000000000291adc0_0, L_000000000281c330, C4<1>, C4<1>;
L_000000000281ccd0 .functor BUFZ 1, v0000000002841000_0, C4<0>, C4<0>, C4<0>;
L_000000000281c800 .functor BUFZ 1, v0000000002840880_0, C4<0>, C4<0>, C4<0>;
v000000000289bd70_0 .net *"_s0", 7 0, L_0000000002928930;  1 drivers
v000000000289be10_0 .net *"_s2", 9 0, L_0000000002928a70;  1 drivers
L_00000000029295a8 .functor BUFT 1, C4<00>, C4<0>, C4<0>, C4<0>;
v000000000289bff0_0 .net *"_s5", 1 0, L_00000000029295a8;  1 drivers
v00000000028418c0_0 .net *"_s8", 0 0, L_000000000281c330;  1 drivers
v0000000002840c40 .array "array", 0 255, 7 0;
v0000000002840560_0 .net "clk", 0 0, v0000000002928b10_0;  alias, 1 drivers
v0000000002840420_0 .net "empty", 0 0, L_000000000281c800;  alias, 1 drivers
v0000000002840740_0 .var "empty_next", 0 0;
v0000000002840880_0 .var "empty_reg", 0 0;
v0000000002840a60_0 .net "full", 0 0, L_000000000281ccd0;  1 drivers
v0000000002840ce0_0 .var "full_next", 0 0;
v0000000002841000_0 .var "full_reg", 0 0;
v00000000028410a0_0 .var "rcurr", 7 0;
v000000000283fca0_0 .net "rd", 0 0, v00000000029207a0_0;  alias, 1 drivers
v0000000002841140_0 .net "rdata", 7 0, L_000000000281c100;  alias, 1 drivers
v000000000291a320_0 .net "reset", 0 0, v0000000002927a30_0;  alias, 1 drivers
v000000000291a6e0_0 .var "rnext", 7 0;
v0000000002919100_0 .var "rsucc", 7 0;
v000000000291a780_0 .var "wcurr", 7 0;
v000000000291a3c0_0 .net "wdata", 7 0, L_000000000281c870;  alias, 1 drivers
v000000000291a820_0 .net "wen", 0 0, L_000000000281cc60;  1 drivers
v0000000002919560_0 .var "wnext", 7 0;
v00000000029194c0_0 .net "wr", 0 0, v000000000291adc0_0;  alias, 1 drivers
v00000000029199c0_0 .var "wsucc", 7 0;
E_00000000028a68a0/0 .event edge, v000000000291a780_0, v00000000028410a0_0, v0000000002841000_0, v0000000002840880_0;
E_00000000028a68a0/1 .event edge, v00000000029194c0_0, v000000000283fca0_0, v0000000002919100_0, v00000000029199c0_0;
E_00000000028a68a0 .event/or E_00000000028a68a0/0, E_00000000028a68a0/1;
E_00000000028a68e0 .event posedge, v000000000289d850_0;
L_0000000002928930 .array/port v0000000002840c40, L_0000000002928a70;
L_0000000002928a70 .concat [ 8 2 0 0], v00000000028410a0_0, L_00000000029295a8;
S_0000000002821280 .scope module, "fifo_tx_unit" "fifo" 4 23, 6 2 0, S_000000000282c9f0;
 .timescale 0 0;
    .port_info 0 /INPUT 1 "clk"
    .port_info 1 /INPUT 1 "reset"
    .port_info 2 /INPUT 1 "rd"
    .port_info 3 /INPUT 1 "wr"
    .port_info 4 /INPUT 8 "wdata"
    .port_info 5 /OUTPUT 1 "empty"
    .port_info 6 /OUTPUT 1 "full"
    .port_info 7 /OUTPUT 8 "rdata"
P_00000000028318f0 .param/l "B" 0 6 2, +C4<00000000000000000000000000001000>;
P_0000000002831928 .param/l "W" 0 6 2, +C4<00000000000000000000000000001000>;
L_000000000281ce20 .functor BUFZ 8, L_0000000002927530, C4<00000000>, C4<00000000>, C4<00000000>;
L_000000000281c8e0 .functor NOT 1, v000000000291a280_0, C4<0>, C4<0>, C4<0>;
L_000000000281ce90 .functor AND 1, v0000000002923900_0, L_000000000281c8e0, C4<1>, C4<1>;
L_000000000282b9d0 .functor BUFZ 1, v000000000291a280_0, C4<0>, C4<0>, C4<0>;
v000000000291a8c0_0 .net *"_s0", 7 0, L_0000000002927530;  1 drivers
v0000000002919060_0 .net *"_s2", 9 0, L_0000000002981f60;  1 drivers
L_00000000029295f0 .functor BUFT 1, C4<00>, C4<0>, C4<0>, C4<0>;
v0000000002919600_0 .net *"_s5", 1 0, L_00000000029295f0;  1 drivers
v000000000291a960_0 .net *"_s8", 0 0, L_000000000281c8e0;  1 drivers
v000000000291af00 .array "array", 0 255, 7 0;
v000000000291aa00_0 .net "clk", 0 0, v0000000002928b10_0;  alias, 1 drivers
v000000000291aaa0_0 .net "empty", 0 0, v000000000291a460_0;  alias, 1 drivers
v00000000029196a0_0 .var "empty_next", 0 0;
v000000000291a460_0 .var "empty_reg", 0 0;
v000000000291ae60_0 .net "full", 0 0, L_000000000282b9d0;  alias, 1 drivers
v00000000029191a0_0 .var "full_next", 0 0;
v000000000291a280_0 .var "full_reg", 0 0;
v0000000002919740_0 .var "rcurr", 7 0;
v0000000002919ce0_0 .net "rd", 0 0, v000000000291f800_0;  alias, 1 drivers
v00000000029197e0_0 .net "rdata", 7 0, L_000000000281ce20;  alias, 1 drivers
v000000000291a140_0 .net "reset", 0 0, v0000000002927a30_0;  alias, 1 drivers
v000000000291ab40_0 .var "rnext", 7 0;
v0000000002919240_0 .var "rsucc", 7 0;
v000000000291a500_0 .var "wcurr", 7 0;
v00000000029192e0_0 .net "wdata", 7 0, v0000000002920520_0;  alias, 1 drivers
v0000000002919b00_0 .net "wen", 0 0, L_000000000281ce90;  1 drivers
v000000000291abe0_0 .var "wnext", 7 0;
v0000000002919880_0 .net "wr", 0 0, v0000000002923900_0;  alias, 1 drivers
v0000000002919920_0 .var "wsucc", 7 0;
E_00000000028a65e0/0 .event edge, v000000000291a500_0, v0000000002919740_0, v000000000291a280_0, v000000000291a460_0;
E_00000000028a65e0/1 .event edge, v0000000002919880_0, v0000000002919ce0_0, v0000000002919240_0, v0000000002919920_0;
E_00000000028a65e0 .event/or E_00000000028a65e0/0, E_00000000028a65e0/1;
L_0000000002927530 .array/port v000000000291af00, L_0000000002981f60;
L_0000000002981f60 .concat [ 8 2 0 0], v0000000002919740_0, L_00000000029295f0;
S_00000000027fe990 .scope module, "uart_rx_unit" "uart_rx" 4 20, 7 1 0, S_000000000282c9f0;
 .timescale 0 0;
    .port_info 0 /INPUT 1 "clk"
    .port_info 1 /INPUT 1 "reset"
    .port_info 2 /INPUT 1 "rx"
    .port_info 3 /INPUT 1 "s_tick"
    .port_info 4 /OUTPUT 8 "dout"
    .port_info 5 /OUTPUT 1 "rx_done_tick"
P_0000000002821510 .param/l "DBIT" 0 7 1, +C4<00000000000000000000000000001000>;
P_0000000002821548 .param/l "SB_TICK" 0 7 1, +C4<00000000000000000000000000010000>;
P_0000000002821580 .param/l "data" 1 7 7, C4<10>;
P_00000000028215b8 .param/l "idle" 1 7 5, C4<00>;
P_00000000028215f0 .param/l "start" 1 7 6, C4<01>;
P_0000000002821628 .param/l "stop" 1 7 8, C4<11>;
L_000000000281c870 .functor BUFZ 8, v000000000291ac80_0, C4<00000000>, C4<00000000>, C4<00000000>;
v0000000002919a60_0 .var "b_next", 7 0;
v000000000291ac80_0 .var "b_reg", 7 0;
v000000000291ad20_0 .net "clk", 0 0, v0000000002928b10_0;  alias, 1 drivers
v0000000002919380_0 .net "dout", 7 0, L_000000000281c870;  alias, 1 drivers
v0000000002919420_0 .var "n_next", 2 0;
v0000000002919ba0_0 .var "n_reg", 2 0;
v000000000291a5a0_0 .net "reset", 0 0, v0000000002927a30_0;  alias, 1 drivers
v000000000291a640_0 .net "rx", 0 0, o00000000028c1688;  alias, 0 drivers
v000000000291adc0_0 .var "rx_done_tick", 0 0;
v0000000002919c40_0 .var "s_next", 3 0;
v0000000002919d80_0 .var "s_reg", 3 0;
v0000000002919e20_0 .net "s_tick", 0 0, L_0000000002928c50;  alias, 1 drivers
v0000000002919ec0_0 .var "state_next", 1 0;
v0000000002919f60_0 .var "state_reg", 1 0;
E_00000000028a65a0/0 .event edge, v0000000002919f60_0, v0000000002919d80_0, v0000000002919ba0_0, v000000000291ac80_0;
E_00000000028a65a0/1 .event edge, v000000000291a640_0, v000000000289d170_0;
E_00000000028a65a0 .event/or E_00000000028a65a0/0, E_00000000028a65a0/1;
S_00000000027feb10 .scope module, "uart_tx_unit" "uart_tx" 4 26, 8 2 0, S_000000000282c9f0;
 .timescale 0 0;
    .port_info 0 /INPUT 1 "clk"
    .port_info 1 /INPUT 1 "reset"
    .port_info 2 /INPUT 1 "tx_start"
    .port_info 3 /INPUT 1 "s_tick"
    .port_info 4 /INPUT 8 "din"
    .port_info 5 /OUTPUT 1 "tx_done_tick"
    .port_info 6 /OUTPUT 1 "tx"
P_00000000027f3610 .param/l "DBIT" 0 8 2, +C4<00000000000000000000000000001000>;
P_00000000027f3648 .param/l "SB_TICK" 0 8 2, +C4<00000000000000000000000000010000>;
P_00000000027f3680 .param/l "data" 1 8 9, C4<10>;
P_00000000027f36b8 .param/l "idle" 1 8 7, C4<00>;
P_00000000027f36f0 .param/l "start" 1 8 8, C4<01>;
P_00000000027f3728 .param/l "stop" 1 8 10, C4<11>;
v000000000291a000_0 .var "b_next", 7 0;
v000000000291a0a0_0 .var "b_reg", 7 0;
v000000000291a1e0_0 .net "clk", 0 0, v0000000002928b10_0;  alias, 1 drivers
v000000000291fd00_0 .net "din", 7 0, L_000000000281ce20;  alias, 1 drivers
v0000000002920020_0 .var "n_next", 2 0;
v000000000291fa80_0 .var "n_reg", 2 0;
v000000000291fc60_0 .net "reset", 0 0, v0000000002927a30_0;  alias, 1 drivers
v000000000291f4e0_0 .var "s_next", 3 0;
v000000000291f440_0 .var "s_reg", 3 0;
v00000000029200c0_0 .net "s_tick", 0 0, L_0000000002928c50;  alias, 1 drivers
v0000000002920b60_0 .var "state_next", 1 0;
v0000000002920160_0 .var "state_reg", 1 0;
v000000000291f8a0_0 .net8 "tx", 0 0, RS_00000000028c1a18;  alias, 2 drivers
v000000000291f800_0 .var "tx_done_tick", 0 0;
v000000000291f300_0 .var "tx_next", 0 0;
v000000000291fda0_0 .var "tx_reg", 0 0;
v000000000291f760_0 .net "tx_start", 0 0, L_000000000282bc70;  alias, 1 drivers
E_00000000028a6320/0 .event edge, v0000000002920160_0, v000000000291f440_0, v000000000291fa80_0, v000000000291a0a0_0;
E_00000000028a6320/1 .event edge, v000000000291fda0_0, v000000000291f760_0, v00000000029197e0_0, v000000000289d170_0;
E_00000000028a6320 .event/or E_00000000028a6320/0, E_00000000028a6320/1;
S_00000000027f3770 .scope module, "uart1" "uart" 2 12, 4 2 0, S_0000000002845c40;
 .timescale 0 0;
    .port_info 0 /INPUT 1 "clk"
    .port_info 1 /INPUT 1 "reset"
    .port_info 2 /INPUT 1 "rd_uart"
    .port_info 3 /INPUT 1 "wr_uart"
    .port_info 4 /INPUT 1 "rx"
    .port_info 5 /INPUT 8 "w_data"
    .port_info 6 /OUTPUT 1 "tx_full"
    .port_info 7 /OUTPUT 1 "rx_empty"
    .port_info 8 /OUTPUT 1 "tx"
    .port_info 9 /OUTPUT 8 "r_data"
P_0000000002891160 .param/l "DBIT" 0 4 3, +C4<00000000000000000000000000001000>;
P_0000000002891198 .param/l "DVSR" 0 4 5, +C4<00000000000000000000000010100011>;
P_00000000028911d0 .param/l "DVSR_BIT" 0 4 6, +C4<00000000000000000000000000001000>;
P_0000000002891208 .param/l "FIFO_W" 0 4 7, +C4<00000000000000000000000000001000>;
P_0000000002891240 .param/l "SB_TICK" 0 4 4, +C4<00000000000000000000000000010000>;
L_000000000281c720 .functor NOT 1, v0000000002925910_0, C4<0>, C4<0>, C4<0>;
v0000000002928ed0_0 .net "clk", 0 0, v0000000002928b10_0;  alias, 1 drivers
v0000000002927ad0_0 .net "r_data", 7 0, L_0000000002884690;  alias, 1 drivers
v0000000002927d50_0 .net "rd_uart", 0 0, v0000000002928bb0_0;  1 drivers
v00000000029275d0_0 .net "reset", 0 0, v0000000002927a30_0;  alias, 1 drivers
v0000000002927670_0 .net "rx", 0 0, o00000000028c1688;  alias, 0 drivers
v0000000002927850_0 .net "rx_data_out", 7 0, L_0000000002883ba0;  1 drivers
v0000000002928f70_0 .net "rx_done_tick", 0 0, v00000000029255f0_0;  1 drivers
v0000000002927210_0 .net "rx_empty", 0 0, L_0000000002883970;  alias, 1 drivers
v0000000002928610_0 .net "tick", 0 0, L_0000000002927fd0;  1 drivers
v00000000029270d0_0 .net8 "tx", 0 0, RS_00000000028c1a18;  alias, 2 drivers
v0000000002927710_0 .net "tx_done_tick", 0 0, v0000000002924f10_0;  1 drivers
v0000000002927e90_0 .net "tx_empty", 0 0, v0000000002925910_0;  1 drivers
v00000000029278f0_0 .net "tx_fifo_not_empty", 0 0, L_000000000281c720;  1 drivers
v0000000002928cf0_0 .net "tx_fifo_out", 7 0, L_0000000002883dd0;  1 drivers
v00000000029272b0_0 .net "tx_full", 0 0, L_0000000002883f90;  alias, 1 drivers
v00000000029286b0_0 .net "w_data", 7 0, v00000000029281b0_0;  1 drivers
v0000000002927170_0 .net "wr_uart", 0 0, v0000000002927f30_0;  1 drivers
S_00000000027c2860 .scope module, "buad_gen_unit" "mod_m_counter" 4 14, 5 2 0, S_00000000027f3770;
 .timescale 0 0;
    .port_info 0 /INPUT 1 "clk"
    .port_info 1 /INPUT 1 "reset"
    .port_info 2 /OUTPUT 1 "max_tick"
    .port_info 3 /OUTPUT 8 "q"
P_00000000028320f0 .param/l "M" 0 5 2, +C4<00000000000000000000000010100011>;
P_0000000002832128 .param/l "N" 0 5 2, +C4<00000000000000000000000000001000>;
L_00000000028845b0 .functor BUFZ 8, v0000000002923360_0, C4<00000000>, C4<00000000>, C4<00000000>;
v00000000029225a0_0 .net *"_s0", 31 0, L_00000000029284d0;  1 drivers
L_0000000002929170 .functor BUFT 1, C4<00000001>, C4<0>, C4<0>, C4<0>;
v0000000002922500_0 .net/2u *"_s10", 7 0, L_0000000002929170;  1 drivers
v0000000002922f00_0 .net *"_s12", 7 0, L_00000000029282f0;  1 drivers
v00000000029239a0_0 .net *"_s18", 31 0, L_0000000002927490;  1 drivers
L_00000000029291b8 .functor BUFT 1, C4<000000000000000000000000>, C4<0>, C4<0>, C4<0>;
v0000000002922aa0_0 .net *"_s21", 23 0, L_00000000029291b8;  1 drivers
L_0000000002929200 .functor BUFT 1, C4<00000000000000000000000010100010>, C4<0>, C4<0>, C4<0>;
v0000000002922280_0 .net/2u *"_s22", 31 0, L_0000000002929200;  1 drivers
v00000000029234a0_0 .net *"_s24", 0 0, L_0000000002927df0;  1 drivers
L_0000000002929248 .functor BUFT 1, C4<1>, C4<0>, C4<0>, C4<0>;
v0000000002923180_0 .net/2u *"_s26", 0 0, L_0000000002929248;  1 drivers
L_0000000002929290 .functor BUFT 1, C4<0>, C4<0>, C4<0>, C4<0>;
v00000000029223c0_0 .net/2u *"_s28", 0 0, L_0000000002929290;  1 drivers
L_0000000002929098 .functor BUFT 1, C4<000000000000000000000000>, C4<0>, C4<0>, C4<0>;
v0000000002923540_0 .net *"_s3", 23 0, L_0000000002929098;  1 drivers
L_00000000029290e0 .functor BUFT 1, C4<00000000000000000000000010100010>, C4<0>, C4<0>, C4<0>;
v0000000002923a40_0 .net/2u *"_s4", 31 0, L_00000000029290e0;  1 drivers
v0000000002922460_0 .net *"_s6", 0 0, L_0000000002927b70;  1 drivers
L_0000000002929128 .functor BUFT 1, C4<00000000>, C4<0>, C4<0>, C4<0>;
v0000000002923e00_0 .net/2u *"_s8", 7 0, L_0000000002929128;  1 drivers
v0000000002923220_0 .net "clk", 0 0, v0000000002928b10_0;  alias, 1 drivers
v0000000002923ea0_0 .net "max_tick", 0 0, L_0000000002927fd0;  alias, 1 drivers
v00000000029235e0_0 .net "q", 7 0, L_00000000028845b0;  1 drivers
v00000000029232c0_0 .net "r_next", 7 0, L_0000000002927c10;  1 drivers
v0000000002923360_0 .var "r_reg", 7 0;
v00000000029220a0_0 .net "reset", 0 0, v0000000002927a30_0;  alias, 1 drivers
L_00000000029284d0 .concat [ 8 24 0 0], v0000000002923360_0, L_0000000002929098;
L_0000000002927b70 .cmp/eq 32, L_00000000029284d0, L_00000000029290e0;
L_00000000029282f0 .arith/sum 8, v0000000002923360_0, L_0000000002929170;
L_0000000002927c10 .functor MUXZ 8, L_00000000029282f0, L_0000000002929128, L_0000000002927b70, C4<>;
L_0000000002927490 .concat [ 8 24 0 0], v0000000002923360_0, L_00000000029291b8;
L_0000000002927df0 .cmp/eq 32, L_0000000002927490, L_0000000002929200;
L_0000000002927fd0 .functor MUXZ 1, L_0000000002929290, L_0000000002929248, L_0000000002927df0, C4<>;
S_00000000027c29e0 .scope module, "fifo_rx_unit" "fifo" 4 17, 6 2 0, S_00000000027f3770;
 .timescale 0 0;
    .port_info 0 /INPUT 1 "clk"
    .port_info 1 /INPUT 1 "reset"
    .port_info 2 /INPUT 1 "rd"
    .port_info 3 /INPUT 1 "wr"
    .port_info 4 /INPUT 8 "wdata"
    .port_info 5 /OUTPUT 1 "empty"
    .port_info 6 /OUTPUT 1 "full"
    .port_info 7 /OUTPUT 8 "rdata"
P_0000000002832bf0 .param/l "B" 0 6 2, +C4<00000000000000000000000000001000>;
P_0000000002832c28 .param/l "W" 0 6 2, +C4<00000000000000000000000000001000>;
L_0000000002884690 .functor BUFZ 8, L_0000000002928070, C4<00000000>, C4<00000000>, C4<00000000>;
L_0000000002884620 .functor NOT 1, v0000000002923d60_0, C4<0>, C4<0>, C4<0>;
L_0000000002883890 .functor AND 1, v00000000029255f0_0, L_0000000002884620, C4<1>, C4<1>;
L_0000000002883d60 .functor BUFZ 1, v0000000002923d60_0, C4<0>, C4<0>, C4<0>;
L_0000000002883970 .functor BUFZ 1, v0000000002923cc0_0, C4<0>, C4<0>, C4<0>;
v0000000002923ae0_0 .net *"_s0", 7 0, L_0000000002928070;  1 drivers
v0000000002923b80_0 .net *"_s2", 9 0, L_0000000002928110;  1 drivers
L_00000000029292d8 .functor BUFT 1, C4<00>, C4<0>, C4<0>, C4<0>;
v0000000002922e60_0 .net *"_s5", 1 0, L_00000000029292d8;  1 drivers
v0000000002923400_0 .net *"_s8", 0 0, L_0000000002884620;  1 drivers
v0000000002923680 .array "array", 0 255, 7 0;
v0000000002922640_0 .net "clk", 0 0, v0000000002928b10_0;  alias, 1 drivers
v00000000029228c0_0 .net "empty", 0 0, L_0000000002883970;  alias, 1 drivers
v0000000002923c20_0 .var "empty_next", 0 0;
v0000000002923cc0_0 .var "empty_reg", 0 0;
v0000000002922b40_0 .net "full", 0 0, L_0000000002883d60;  1 drivers
v0000000002922960_0 .var "full_next", 0 0;
v0000000002923d60_0 .var "full_reg", 0 0;
v0000000002923720_0 .var "rcurr", 7 0;
v0000000002922be0_0 .net "rd", 0 0, v0000000002928bb0_0;  alias, 1 drivers
v00000000029237c0_0 .net "rdata", 7 0, L_0000000002884690;  alias, 1 drivers
v0000000002923860_0 .net "reset", 0 0, v0000000002927a30_0;  alias, 1 drivers
v0000000002922c80_0 .var "rnext", 7 0;
v0000000002922780_0 .var "rsucc", 7 0;
v0000000002922820_0 .var "wcurr", 7 0;
v0000000002923f40_0 .net "wdata", 7 0, L_0000000002883ba0;  alias, 1 drivers
v0000000002922140_0 .net "wen", 0 0, L_0000000002883890;  1 drivers
v0000000002922a00_0 .var "wnext", 7 0;
v00000000029221e0_0 .net "wr", 0 0, v00000000029255f0_0;  alias, 1 drivers
v0000000002922320_0 .var "wsucc", 7 0;
E_00000000028a6260/0 .event edge, v0000000002922820_0, v0000000002923720_0, v0000000002923d60_0, v0000000002923cc0_0;
E_00000000028a6260/1 .event edge, v00000000029221e0_0, v0000000002922be0_0, v0000000002922780_0, v0000000002922320_0;
E_00000000028a6260 .event/or E_00000000028a6260/0, E_00000000028a6260/1;
L_0000000002928070 .array/port v0000000002923680, L_0000000002928110;
L_0000000002928110 .concat [ 8 2 0 0], v0000000002923720_0, L_00000000029292d8;
S_00000000028ae450 .scope module, "fifo_tx_unit" "fifo" 4 23, 6 2 0, S_00000000027f3770;
 .timescale 0 0;
    .port_info 0 /INPUT 1 "clk"
    .port_info 1 /INPUT 1 "reset"
    .port_info 2 /INPUT 1 "rd"
    .port_info 3 /INPUT 1 "wr"
    .port_info 4 /INPUT 8 "wdata"
    .port_info 5 /OUTPUT 1 "empty"
    .port_info 6 /OUTPUT 1 "full"
    .port_info 7 /OUTPUT 8 "rdata"
P_0000000002832670 .param/l "B" 0 6 2, +C4<00000000000000000000000000001000>;
P_00000000028326a8 .param/l "W" 0 6 2, +C4<00000000000000000000000000001000>;
L_0000000002883dd0 .functor BUFZ 8, L_0000000002928250, C4<00000000>, C4<00000000>, C4<00000000>;
L_0000000002883e40 .functor NOT 1, v00000000029250f0_0, C4<0>, C4<0>, C4<0>;
L_0000000002883f20 .functor AND 1, v0000000002927f30_0, L_0000000002883e40, C4<1>, C4<1>;
L_0000000002883f90 .functor BUFZ 1, v00000000029250f0_0, C4<0>, C4<0>, C4<0>;
v0000000002922d20_0 .net *"_s0", 7 0, L_0000000002928250;  1 drivers
v0000000002922fa0_0 .net *"_s2", 9 0, L_0000000002928390;  1 drivers
L_0000000002929320 .functor BUFT 1, C4<00>, C4<0>, C4<0>, C4<0>;
v0000000002922dc0_0 .net *"_s5", 1 0, L_0000000002929320;  1 drivers
v0000000002923040_0 .net *"_s8", 0 0, L_0000000002883e40;  1 drivers
v0000000002925870 .array "array", 0 255, 7 0;
v0000000002925c30_0 .net "clk", 0 0, v0000000002928b10_0;  alias, 1 drivers
v0000000002925230_0 .net "empty", 0 0, v0000000002925910_0;  alias, 1 drivers
v00000000029248d0_0 .var "empty_next", 0 0;
v0000000002925910_0 .var "empty_reg", 0 0;
v0000000002925050_0 .net "full", 0 0, L_0000000002883f90;  alias, 1 drivers
v0000000002924ab0_0 .var "full_next", 0 0;
v00000000029250f0_0 .var "full_reg", 0 0;
v0000000002924fb0_0 .var "rcurr", 7 0;
v0000000002924a10_0 .net "rd", 0 0, v0000000002924f10_0;  alias, 1 drivers
v0000000002924c90_0 .net "rdata", 7 0, L_0000000002883dd0;  alias, 1 drivers
v0000000002925190_0 .net "reset", 0 0, v0000000002927a30_0;  alias, 1 drivers
v0000000002925cd0_0 .var "rnext", 7 0;
v0000000002925d70_0 .var "rsucc", 7 0;
v00000000029245b0_0 .var "wcurr", 7 0;
v0000000002924470_0 .net "wdata", 7 0, v00000000029281b0_0;  alias, 1 drivers
v0000000002925f50_0 .net "wen", 0 0, L_0000000002883f20;  1 drivers
v00000000029252d0_0 .var "wnext", 7 0;
v00000000029254b0_0 .net "wr", 0 0, v0000000002927f30_0;  alias, 1 drivers
v0000000002924bf0_0 .var "wsucc", 7 0;
E_00000000028a6be0/0 .event edge, v00000000029245b0_0, v0000000002924fb0_0, v00000000029250f0_0, v0000000002925910_0;
E_00000000028a6be0/1 .event edge, v00000000029254b0_0, v0000000002924a10_0, v0000000002925d70_0, v0000000002924bf0_0;
E_00000000028a6be0 .event/or E_00000000028a6be0/0, E_00000000028a6be0/1;
L_0000000002928250 .array/port v0000000002925870, L_0000000002928390;
L_0000000002928390 .concat [ 8 2 0 0], v0000000002924fb0_0, L_0000000002929320;
S_00000000028ae5d0 .scope module, "uart_rx_unit" "uart_rx" 4 20, 7 1 0, S_00000000027f3770;
 .timescale 0 0;
    .port_info 0 /INPUT 1 "clk"
    .port_info 1 /INPUT 1 "reset"
    .port_info 2 /INPUT 1 "rx"
    .port_info 3 /INPUT 1 "s_tick"
    .port_info 4 /OUTPUT 8 "dout"
    .port_info 5 /OUTPUT 1 "rx_done_tick"
P_00000000028ae750 .param/l "DBIT" 0 7 1, +C4<00000000000000000000000000001000>;
P_00000000028ae788 .param/l "SB_TICK" 0 7 1, +C4<00000000000000000000000000010000>;
P_00000000028ae7c0 .param/l "data" 1 7 7, C4<10>;
P_00000000028ae7f8 .param/l "idle" 1 7 5, C4<00>;
P_00000000028ae830 .param/l "start" 1 7 6, C4<01>;
P_00000000028ae868 .param/l "stop" 1 7 8, C4<11>;
L_0000000002883ba0 .functor BUFZ 8, v0000000002925e10_0, C4<00000000>, C4<00000000>, C4<00000000>;
v00000000029240b0_0 .var "b_next", 7 0;
v0000000002925e10_0 .var "b_reg", 7 0;
v00000000029259b0_0 .net "clk", 0 0, v0000000002928b10_0;  alias, 1 drivers
v0000000002925550_0 .net "dout", 7 0, L_0000000002883ba0;  alias, 1 drivers
v0000000002925a50_0 .var "n_next", 2 0;
v0000000002925370_0 .var "n_reg", 2 0;
v0000000002924150_0 .net "reset", 0 0, v0000000002927a30_0;  alias, 1 drivers
v0000000002925410_0 .net "rx", 0 0, o00000000028c1688;  alias, 0 drivers
v00000000029255f0_0 .var "rx_done_tick", 0 0;
v0000000002924970_0 .var "s_next", 3 0;
v0000000002925690_0 .var "s_reg", 3 0;
v0000000002924e70_0 .net "s_tick", 0 0, L_0000000002927fd0;  alias, 1 drivers
v0000000002925af0_0 .var "state_next", 1 0;
v0000000002924650_0 .var "state_reg", 1 0;
E_00000000028a6b20/0 .event edge, v0000000002924650_0, v0000000002925690_0, v0000000002925370_0, v0000000002925e10_0;
E_00000000028a6b20/1 .event edge, v000000000291a640_0, v0000000002923ea0_0;
E_00000000028a6b20 .event/or E_00000000028a6b20/0, E_00000000028a6b20/1;
S_00000000028ae8b0 .scope module, "uart_tx_unit" "uart_tx" 4 26, 8 2 0, S_00000000027f3770;
 .timescale 0 0;
    .port_info 0 /INPUT 1 "clk"
    .port_info 1 /INPUT 1 "reset"
    .port_info 2 /INPUT 1 "tx_start"
    .port_info 3 /INPUT 1 "s_tick"
    .port_info 4 /INPUT 8 "din"
    .port_info 5 /OUTPUT 1 "tx_done_tick"
    .port_info 6 /OUTPUT 1 "tx"
P_00000000028aea30 .param/l "DBIT" 0 8 2, +C4<00000000000000000000000000001000>;
P_00000000028aea68 .param/l "SB_TICK" 0 8 2, +C4<00000000000000000000000000010000>;
P_00000000028aeaa0 .param/l "data" 1 8 9, C4<10>;
P_00000000028aead8 .param/l "idle" 1 8 7, C4<00>;
P_00000000028aeb10 .param/l "start" 1 8 8, C4<01>;
P_00000000028aeb48 .param/l "stop" 1 8 10, C4<11>;
v0000000002924d30_0 .var "b_next", 7 0;
v00000000029246f0_0 .var "b_reg", 7 0;
v0000000002924790_0 .net "clk", 0 0, v0000000002928b10_0;  alias, 1 drivers
v0000000002924b50_0 .net "din", 7 0, L_0000000002883dd0;  alias, 1 drivers
v0000000002924dd0_0 .var "n_next", 2 0;
v0000000002924510_0 .var "n_reg", 2 0;
v0000000002925eb0_0 .net "reset", 0 0, v0000000002927a30_0;  alias, 1 drivers
v0000000002925730_0 .var "s_next", 3 0;
v00000000029257d0_0 .var "s_reg", 3 0;
v0000000002925b90_0 .net "s_tick", 0 0, L_0000000002927fd0;  alias, 1 drivers
v0000000002924830_0 .var "state_next", 1 0;
v00000000029241f0_0 .var "state_reg", 1 0;
v0000000002924290_0 .net8 "tx", 0 0, RS_00000000028c1a18;  alias, 2 drivers
v0000000002924f10_0 .var "tx_done_tick", 0 0;
v0000000002924330_0 .var "tx_next", 0 0;
v00000000029243d0_0 .var "tx_reg", 0 0;
v00000000029273f0_0 .net "tx_start", 0 0, L_000000000281c720;  alias, 1 drivers
E_00000000028a6920/0 .event edge, v00000000029241f0_0, v00000000029257d0_0, v0000000002924510_0, v00000000029246f0_0;
E_00000000028a6920/1 .event edge, v00000000029243d0_0, v00000000029273f0_0, v0000000002924c90_0, v0000000002923ea0_0;
E_00000000028a6920 .event/or E_00000000028a6920/0, E_00000000028a6920/1;
    .scope S_00000000027c2860;
T_0 ;
    %wait E_00000000028a5fa0;
    %load/vec4 v00000000029220a0_0;
    %flag_set/vec4 8;
    %jmp/0xz  T_0.0, 8;
    %pushi/vec4 0, 0, 8;
    %assign/vec4 v0000000002923360_0, 0;
    %jmp T_0.1;
T_0.0 ;
    %load/vec4 v00000000029232c0_0;
    %assign/vec4 v0000000002923360_0, 0;
T_0.1 ;
    %jmp T_0;
    .thread T_0;
    .scope S_00000000027c29e0;
T_1 ;
    %wait E_00000000028a68e0;
    %load/vec4 v0000000002922140_0;
    %flag_set/vec4 8;
    %jmp/0xz  T_1.0, 8;
    %load/vec4 v0000000002923f40_0;
    %load/vec4 v0000000002922820_0;
    %pad/u 10;
    %ix/vec4 3;
    %ix/load 4, 0, 0; Constant delay
    %assign/vec4/a/d v0000000002923680, 0, 4;
T_1.0 ;
    %jmp T_1;
    .thread T_1;
    .scope S_00000000027c29e0;
T_2 ;
    %wait E_00000000028a5fa0;
    %load/vec4 v0000000002923860_0;
    %flag_set/vec4 8;
    %jmp/0xz  T_2.0, 8;
    %pushi/vec4 0, 0, 8;
    %assign/vec4 v0000000002922820_0, 0;
    %pushi/vec4 0, 0, 8;
    %assign/vec4 v0000000002923720_0, 0;
    %pushi/vec4 0, 0, 1;
    %assign/vec4 v0000000002923d60_0, 0;
    %pushi/vec4 1, 0, 1;
    %assign/vec4 v0000000002923cc0_0, 0;
    %jmp T_2.1;
T_2.0 ;
    %load/vec4 v0000000002922a00_0;
    %assign/vec4 v0000000002922820_0, 0;
    %load/vec4 v0000000002922c80_0;
    %assign/vec4 v0000000002923720_0, 0;
    %load/vec4 v0000000002922960_0;
    %assign/vec4 v0000000002923d60_0, 0;
    %load/vec4 v0000000002923c20_0;
    %assign/vec4 v0000000002923cc0_0, 0;
T_2.1 ;
    %jmp T_2;
    .thread T_2;
    .scope S_00000000027c29e0;
T_3 ;
    %wait E_00000000028a6260;
    %load/vec4 v0000000002922820_0;
    %addi 1, 0, 8;
    %store/vec4 v0000000002922320_0, 0, 8;
    %load/vec4 v0000000002923720_0;
    %addi 1, 0, 8;
    %store/vec4 v0000000002922780_0, 0, 8;
    %load/vec4 v0000000002922820_0;
    %store/vec4 v0000000002922a00_0, 0, 8;
    %load/vec4 v0000000002923720_0;
    %store/vec4 v0000000002922c80_0, 0, 8;
    %load/vec4 v0000000002923d60_0;
    %store/vec4 v0000000002922960_0, 0, 1;
    %load/vec4 v0000000002923cc0_0;
    %store/vec4 v0000000002923c20_0, 0, 1;
    %load/vec4 v00000000029221e0_0;
    %load/vec4 v0000000002922be0_0;
    %concat/vec4; draw_concat_vec4
    %dup/vec4;
    %pushi/vec4 1, 0, 2;
    %cmp/u;
    %jmp/1 T_3.0, 6;
    %dup/vec4;
    %pushi/vec4 2, 0, 2;
    %cmp/u;
    %jmp/1 T_3.1, 6;
    %dup/vec4;
    %pushi/vec4 3, 0, 2;
    %cmp/u;
    %jmp/1 T_3.2, 6;
    %jmp T_3.3;
T_3.0 ;
    %load/vec4 v0000000002923cc0_0;
    %inv;
    %flag_set/vec4 8;
    %jmp/0xz  T_3.4, 8;
    %load/vec4 v0000000002922780_0;
    %store/vec4 v0000000002922c80_0, 0, 8;
    %pushi/vec4 0, 0, 1;
    %store/vec4 v0000000002922960_0, 0, 1;
    %load/vec4 v0000000002922780_0;
    %load/vec4 v0000000002922820_0;
    %cmp/e;
    %jmp/0xz  T_3.6, 4;
    %pushi/vec4 1, 0, 1;
    %store/vec4 v0000000002923c20_0, 0, 1;
T_3.6 ;
T_3.4 ;
    %jmp T_3.3;
T_3.1 ;
    %load/vec4 v0000000002923d60_0;
    %inv;
    %flag_set/vec4 8;
    %jmp/0xz  T_3.8, 8;
    %load/vec4 v0000000002922320_0;
    %store/vec4 v0000000002922a00_0, 0, 8;
    %pushi/vec4 0, 0, 1;
    %store/vec4 v0000000002923c20_0, 0, 1;
    %load/vec4 v0000000002922320_0;
    %load/vec4 v0000000002923720_0;
    %cmp/e;
    %jmp/0xz  T_3.10, 4;
    %pushi/vec4 1, 0, 1;
    %store/vec4 v0000000002922960_0, 0, 1;
T_3.10 ;
T_3.8 ;
    %jmp T_3.3;
T_3.2 ;
    %load/vec4 v0000000002922320_0;
    %store/vec4 v0000000002922a00_0, 0, 8;
    %load/vec4 v0000000002922780_0;
    %store/vec4 v0000000002922c80_0, 0, 8;
    %jmp T_3.3;
T_3.3 ;
    %pop/vec4 1;
    %jmp T_3;
    .thread T_3, $push;
    .scope S_00000000028ae5d0;
T_4 ;
    %wait E_00000000028a5fa0;
    %load/vec4 v0000000002924150_0;
    %flag_set/vec4 8;
    %jmp/0xz  T_4.0, 8;
    %pushi/vec4 0, 0, 17;
    %split/vec4 8;
    %assign/vec4 v0000000002925e10_0, 0;
    %split/vec4 3;
    %assign/vec4 v0000000002925370_0, 0;
    %split/vec4 4;
    %assign/vec4 v0000000002925690_0, 0;
    %assign/vec4 v0000000002924650_0, 0;
    %jmp T_4.1;
T_4.0 ;
    %load/vec4 v0000000002925af0_0;
    %load/vec4 v0000000002924970_0;
    %concat/vec4; draw_concat_vec4
    %load/vec4 v0000000002925a50_0;
    %concat/vec4; draw_concat_vec4
    %load/vec4 v00000000029240b0_0;
    %concat/vec4; draw_concat_vec4
    %split/vec4 8;
    %assign/vec4 v0000000002925e10_0, 0;
    %split/vec4 3;
    %assign/vec4 v0000000002925370_0, 0;
    %split/vec4 4;
    %assign/vec4 v0000000002925690_0, 0;
    %assign/vec4 v0000000002924650_0, 0;
T_4.1 ;
    %jmp T_4;
    .thread T_4;
    .scope S_00000000028ae5d0;
T_5 ;
    %wait E_00000000028a6b20;
    %pushi/vec4 0, 0, 1;
    %store/vec4 v00000000029255f0_0, 0, 1;
    %load/vec4 v0000000002924650_0;
    %load/vec4 v0000000002925690_0;
    %concat/vec4; draw_concat_vec4
    %load/vec4 v0000000002925370_0;
    %concat/vec4; draw_concat_vec4
    %load/vec4 v0000000002925e10_0;
    %concat/vec4; draw_concat_vec4
    %split/vec4 8;
    %store/vec4 v00000000029240b0_0, 0, 8;
    %split/vec4 3;
    %store/vec4 v0000000002925a50_0, 0, 3;
    %split/vec4 4;
    %store/vec4 v0000000002924970_0, 0, 4;
    %store/vec4 v0000000002925af0_0, 0, 2;
    %load/vec4 v0000000002924650_0;
    %dup/vec4;
    %pushi/vec4 0, 0, 2;
    %cmp/u;
    %jmp/1 T_5.0, 6;
    %dup/vec4;
    %pushi/vec4 1, 0, 2;
    %cmp/u;
    %jmp/1 T_5.1, 6;
    %dup/vec4;
    %pushi/vec4 2, 0, 2;
    %cmp/u;
    %jmp/1 T_5.2, 6;
    %dup/vec4;
    %pushi/vec4 3, 0, 2;
    %cmp/u;
    %jmp/1 T_5.3, 6;
    %jmp T_5.4;
T_5.0 ;
    %load/vec4 v0000000002925410_0;
    %inv;
    %flag_set/vec4 8;
    %jmp/0xz  T_5.5, 8;
    %pushi/vec4 16, 0, 6;
    %split/vec4 4;
    %store/vec4 v0000000002924970_0, 0, 4;
    %store/vec4 v0000000002925af0_0, 0, 2;
T_5.5 ;
    %jmp T_5.4;
T_5.1 ;
    %load/vec4 v0000000002924e70_0;
    %flag_set/vec4 8;
    %jmp/0xz  T_5.7, 8;
    %load/vec4 v0000000002925690_0;
    %pad/u 32;
    %cmpi/e 7, 0, 32;
    %jmp/0xz  T_5.9, 4;
    %pushi/vec4 256, 0, 9;
    %split/vec4 3;
    %store/vec4 v0000000002925a50_0, 0, 3;
    %split/vec4 4;
    %store/vec4 v0000000002924970_0, 0, 4;
    %store/vec4 v0000000002925af0_0, 0, 2;
    %jmp T_5.10;
T_5.9 ;
    %load/vec4 v0000000002925690_0;
    %addi 1, 0, 4;
    %store/vec4 v0000000002924970_0, 0, 4;
T_5.10 ;
T_5.7 ;
    %jmp T_5.4;
T_5.2 ;
    %load/vec4 v0000000002924e70_0;
    %flag_set/vec4 8;
    %jmp/0xz  T_5.11, 8;
    %load/vec4 v0000000002925690_0;
    %pad/u 32;
    %cmpi/e 15, 0, 32;
    %jmp/0xz  T_5.13, 4;
    %pushi/vec4 0, 0, 4;
    %store/vec4 v0000000002924970_0, 0, 4;
    %load/vec4 v0000000002925410_0;
    %load/vec4 v0000000002925e10_0;
    %parti/s 7, 1, 2;
    %concat/vec4; draw_concat_vec4
    %store/vec4 v00000000029240b0_0, 0, 8;
    %load/vec4 v0000000002925370_0;
    %pad/u 32;
    %cmpi/e 7, 0, 32;
    %jmp/0xz  T_5.15, 4;
    %pushi/vec4 3, 0, 2;
    %store/vec4 v0000000002925af0_0, 0, 2;
    %jmp T_5.16;
T_5.15 ;
    %load/vec4 v0000000002925370_0;
    %addi 1, 0, 3;
    %store/vec4 v0000000002925a50_0, 0, 3;
T_5.16 ;
    %jmp T_5.14;
T_5.13 ;
    %load/vec4 v0000000002925690_0;
    %addi 1, 0, 4;
    %store/vec4 v0000000002924970_0, 0, 4;
T_5.14 ;
T_5.11 ;
    %jmp T_5.4;
T_5.3 ;
    %load/vec4 v0000000002924e70_0;
    %flag_set/vec4 8;
    %jmp/0xz  T_5.17, 8;
    %load/vec4 v0000000002925690_0;
    %pad/u 32;
    %cmpi/e 15, 0, 32;
    %jmp/0xz  T_5.19, 4;
    %pushi/vec4 1, 0, 3;
    %split/vec4 1;
    %store/vec4 v00000000029255f0_0, 0, 1;
    %store/vec4 v0000000002925af0_0, 0, 2;
    %jmp T_5.20;
T_5.19 ;
    %load/vec4 v0000000002925690_0;
    %addi 1, 0, 4;
    %store/vec4 v0000000002924970_0, 0, 4;
T_5.20 ;
T_5.17 ;
    %jmp T_5.4;
T_5.4 ;
    %pop/vec4 1;
    %jmp T_5;
    .thread T_5, $push;
    .scope S_00000000028ae450;
T_6 ;
    %wait E_00000000028a68e0;
    %load/vec4 v0000000002925f50_0;
    %flag_set/vec4 8;
    %jmp/0xz  T_6.0, 8;
    %load/vec4 v0000000002924470_0;
    %load/vec4 v00000000029245b0_0;
    %pad/u 10;
    %ix/vec4 3;
    %ix/load 4, 0, 0; Constant delay
    %assign/vec4/a/d v0000000002925870, 0, 4;
T_6.0 ;
    %jmp T_6;
    .thread T_6;
    .scope S_00000000028ae450;
T_7 ;
    %wait E_00000000028a5fa0;
    %load/vec4 v0000000002925190_0;
    %flag_set/vec4 8;
    %jmp/0xz  T_7.0, 8;
    %pushi/vec4 0, 0, 8;
    %assign/vec4 v00000000029245b0_0, 0;
    %pushi/vec4 0, 0, 8;
    %assign/vec4 v0000000002924fb0_0, 0;
    %pushi/vec4 0, 0, 1;
    %assign/vec4 v00000000029250f0_0, 0;
    %pushi/vec4 1, 0, 1;
    %assign/vec4 v0000000002925910_0, 0;
    %jmp T_7.1;
T_7.0 ;
    %load/vec4 v00000000029252d0_0;
    %assign/vec4 v00000000029245b0_0, 0;
    %load/vec4 v0000000002925cd0_0;
    %assign/vec4 v0000000002924fb0_0, 0;
    %load/vec4 v0000000002924ab0_0;
    %assign/vec4 v00000000029250f0_0, 0;
    %load/vec4 v00000000029248d0_0;
    %assign/vec4 v0000000002925910_0, 0;
T_7.1 ;
    %jmp T_7;
    .thread T_7;
    .scope S_00000000028ae450;
T_8 ;
    %wait E_00000000028a6be0;
    %load/vec4 v00000000029245b0_0;
    %addi 1, 0, 8;
    %store/vec4 v0000000002924bf0_0, 0, 8;
    %load/vec4 v0000000002924fb0_0;
    %addi 1, 0, 8;
    %store/vec4 v0000000002925d70_0, 0, 8;
    %load/vec4 v00000000029245b0_0;
    %store/vec4 v00000000029252d0_0, 0, 8;
    %load/vec4 v0000000002924fb0_0;
    %store/vec4 v0000000002925cd0_0, 0, 8;
    %load/vec4 v00000000029250f0_0;
    %store/vec4 v0000000002924ab0_0, 0, 1;
    %load/vec4 v0000000002925910_0;
    %store/vec4 v00000000029248d0_0, 0, 1;
    %load/vec4 v00000000029254b0_0;
    %load/vec4 v0000000002924a10_0;
    %concat/vec4; draw_concat_vec4
    %dup/vec4;
    %pushi/vec4 1, 0, 2;
    %cmp/u;
    %jmp/1 T_8.0, 6;
    %dup/vec4;
    %pushi/vec4 2, 0, 2;
    %cmp/u;
    %jmp/1 T_8.1, 6;
    %dup/vec4;
    %pushi/vec4 3, 0, 2;
    %cmp/u;
    %jmp/1 T_8.2, 6;
    %jmp T_8.3;
T_8.0 ;
    %load/vec4 v0000000002925910_0;
    %inv;
    %flag_set/vec4 8;
    %jmp/0xz  T_8.4, 8;
    %load/vec4 v0000000002925d70_0;
    %store/vec4 v0000000002925cd0_0, 0, 8;
    %pushi/vec4 0, 0, 1;
    %store/vec4 v0000000002924ab0_0, 0, 1;
    %load/vec4 v0000000002925d70_0;
    %load/vec4 v00000000029245b0_0;
    %cmp/e;
    %jmp/0xz  T_8.6, 4;
    %pushi/vec4 1, 0, 1;
    %store/vec4 v00000000029248d0_0, 0, 1;
T_8.6 ;
T_8.4 ;
    %jmp T_8.3;
T_8.1 ;
    %load/vec4 v00000000029250f0_0;
    %inv;
    %flag_set/vec4 8;
    %jmp/0xz  T_8.8, 8;
    %load/vec4 v0000000002924bf0_0;
    %store/vec4 v00000000029252d0_0, 0, 8;
    %pushi/vec4 0, 0, 1;
    %store/vec4 v00000000029248d0_0, 0, 1;
    %load/vec4 v0000000002924bf0_0;
    %load/vec4 v0000000002924fb0_0;
    %cmp/e;
    %jmp/0xz  T_8.10, 4;
    %pushi/vec4 1, 0, 1;
    %store/vec4 v0000000002924ab0_0, 0, 1;
T_8.10 ;
T_8.8 ;
    %jmp T_8.3;
T_8.2 ;
    %load/vec4 v0000000002924bf0_0;
    %store/vec4 v00000000029252d0_0, 0, 8;
    %load/vec4 v0000000002925d70_0;
    %store/vec4 v0000000002925cd0_0, 0, 8;
    %jmp T_8.3;
T_8.3 ;
    %pop/vec4 1;
    %jmp T_8;
    .thread T_8, $push;
    .scope S_00000000028ae8b0;
T_9 ;
    %wait E_00000000028a5fa0;
    %load/vec4 v0000000002925eb0_0;
    %flag_set/vec4 8;
    %jmp/0xz  T_9.0, 8;
    %pushi/vec4 1, 0, 18;
    %split/vec4 1;
    %assign/vec4 v00000000029243d0_0, 0;
    %split/vec4 8;
    %assign/vec4 v00000000029246f0_0, 0;
    %split/vec4 3;
    %assign/vec4 v0000000002924510_0, 0;
    %split/vec4 4;
    %assign/vec4 v00000000029257d0_0, 0;
    %assign/vec4 v00000000029241f0_0, 0;
    %jmp T_9.1;
T_9.0 ;
    %load/vec4 v0000000002924830_0;
    %load/vec4 v0000000002925730_0;
    %concat/vec4; draw_concat_vec4
    %load/vec4 v0000000002924dd0_0;
    %concat/vec4; draw_concat_vec4
    %load/vec4 v0000000002924d30_0;
    %concat/vec4; draw_concat_vec4
    %load/vec4 v0000000002924330_0;
    %concat/vec4; draw_concat_vec4
    %split/vec4 1;
    %assign/vec4 v00000000029243d0_0, 0;
    %split/vec4 8;
    %assign/vec4 v00000000029246f0_0, 0;
    %split/vec4 3;
    %assign/vec4 v0000000002924510_0, 0;
    %split/vec4 4;
    %assign/vec4 v00000000029257d0_0, 0;
    %assign/vec4 v00000000029241f0_0, 0;
T_9.1 ;
    %jmp T_9;
    .thread T_9;
    .scope S_00000000028ae8b0;
T_10 ;
    %wait E_00000000028a6920;
    %load/vec4 v00000000029241f0_0;
    %concati/vec4 0, 0, 1;
    %load/vec4 v00000000029257d0_0;
    %concat/vec4; draw_concat_vec4
    %load/vec4 v0000000002924510_0;
    %concat/vec4; draw_concat_vec4
    %load/vec4 v00000000029246f0_0;
    %concat/vec4; draw_concat_vec4
    %load/vec4 v00000000029243d0_0;
    %concat/vec4; draw_concat_vec4
    %split/vec4 1;
    %store/vec4 v0000000002924330_0, 0, 1;
    %split/vec4 8;
    %store/vec4 v0000000002924d30_0, 0, 8;
    %split/vec4 3;
    %store/vec4 v0000000002924dd0_0, 0, 3;
    %split/vec4 4;
    %store/vec4 v0000000002925730_0, 0, 4;
    %split/vec4 1;
    %store/vec4 v0000000002924f10_0, 0, 1;
    %store/vec4 v0000000002924830_0, 0, 2;
    %load/vec4 v00000000029241f0_0;
    %dup/vec4;
    %pushi/vec4 0, 0, 2;
    %cmp/u;
    %jmp/1 T_10.0, 6;
    %dup/vec4;
    %pushi/vec4 1, 0, 2;
    %cmp/u;
    %jmp/1 T_10.1, 6;
    %dup/vec4;
    %pushi/vec4 2, 0, 2;
    %cmp/u;
    %jmp/1 T_10.2, 6;
    %dup/vec4;
    %pushi/vec4 3, 0, 2;
    %cmp/u;
    %jmp/1 T_10.3, 6;
    %jmp T_10.4;
T_10.0 ;
    %pushi/vec4 1, 0, 1;
    %store/vec4 v0000000002924330_0, 0, 1;
    %load/vec4 v00000000029273f0_0;
    %flag_set/vec4 8;
    %jmp/0xz  T_10.5, 8;
    %pushi/vec4 1, 0, 2;
    %concati/vec4 0, 0, 4;
    %load/vec4 v0000000002924b50_0;
    %concat/vec4; draw_concat_vec4
    %split/vec4 8;
    %store/vec4 v0000000002924d30_0, 0, 8;
    %split/vec4 4;
    %store/vec4 v0000000002925730_0, 0, 4;
    %store/vec4 v0000000002924830_0, 0, 2;
T_10.5 ;
    %jmp T_10.4;
T_10.1 ;
    %pushi/vec4 0, 0, 1;
    %store/vec4 v0000000002924330_0, 0, 1;
    %load/vec4 v0000000002925b90_0;
    %flag_set/vec4 8;
    %jmp/0xz  T_10.7, 8;
    %load/vec4 v00000000029257d0_0;
    %pad/u 32;
    %cmpi/e 15, 0, 32;
    %jmp/0xz  T_10.9, 4;
    %pushi/vec4 256, 0, 9;
    %split/vec4 3;
    %store/vec4 v0000000002924dd0_0, 0, 3;
    %split/vec4 4;
    %store/vec4 v0000000002925730_0, 0, 4;
    %store/vec4 v0000000002924830_0, 0, 2;
    %jmp T_10.10;
T_10.9 ;
    %load/vec4 v00000000029257d0_0;
    %addi 1, 0, 4;
    %store/vec4 v0000000002925730_0, 0, 4;
T_10.10 ;
T_10.7 ;
    %jmp T_10.4;
T_10.2 ;
    %load/vec4 v00000000029246f0_0;
    %parti/s 1, 0, 2;
    %store/vec4 v0000000002924330_0, 0, 1;
    %load/vec4 v0000000002925b90_0;
    %flag_set/vec4 8;
    %jmp/0xz  T_10.11, 8;
    %load/vec4 v00000000029257d0_0;
    %pad/u 32;
    %cmpi/e 15, 0, 32;
    %jmp/0xz  T_10.13, 4;
    %pushi/vec4 0, 0, 4;
    %store/vec4 v0000000002925730_0, 0, 4;
    %load/vec4 v00000000029246f0_0;
    %ix/load 4, 1, 0;
    %flag_set/imm 4, 0;
    %shiftr 4;
    %store/vec4 v0000000002924d30_0, 0, 8;
    %load/vec4 v0000000002924510_0;
    %pad/u 32;
    %cmpi/e 7, 0, 32;
    %jmp/0xz  T_10.15, 4;
    %pushi/vec4 3, 0, 2;
    %store/vec4 v0000000002924830_0, 0, 2;
    %jmp T_10.16;
T_10.15 ;
    %load/vec4 v0000000002924510_0;
    %addi 1, 0, 3;
    %store/vec4 v0000000002924dd0_0, 0, 3;
T_10.16 ;
    %jmp T_10.14;
T_10.13 ;
    %load/vec4 v00000000029257d0_0;
    %addi 1, 0, 4;
    %store/vec4 v0000000002925730_0, 0, 4;
T_10.14 ;
T_10.11 ;
    %jmp T_10.4;
T_10.3 ;
    %pushi/vec4 1, 0, 1;
    %store/vec4 v0000000002924330_0, 0, 1;
    %load/vec4 v0000000002925b90_0;
    %flag_set/vec4 8;
    %jmp/0xz  T_10.17, 8;
    %load/vec4 v00000000029257d0_0;
    %pad/u 32;
    %cmpi/e 15, 0, 32;
    %jmp/0xz  T_10.19, 4;
    %pushi/vec4 0, 0, 2;
    %store/vec4 v0000000002924830_0, 0, 2;
    %pushi/vec4 1, 0, 1;
    %store/vec4 v0000000002924f10_0, 0, 1;
    %jmp T_10.20;
T_10.19 ;
    %load/vec4 v00000000029257d0_0;
    %addi 1, 0, 4;
    %store/vec4 v0000000002925730_0, 0, 4;
T_10.20 ;
T_10.17 ;
    %jmp T_10.4;
T_10.4 ;
    %pop/vec4 1;
    %jmp T_10;
    .thread T_10, $push;
    .scope S_0000000002824b60;
T_11 ;
    %wait E_00000000028a5fa0;
    %load/vec4 v000000000289bcd0_0;
    %flag_set/vec4 8;
    %jmp/0xz  T_11.0, 8;
    %pushi/vec4 0, 0, 8;
    %assign/vec4 v000000000289d990_0, 0;
    %jmp T_11.1;
T_11.0 ;
    %load/vec4 v000000000289c270_0;
    %assign/vec4 v000000000289d990_0, 0;
T_11.1 ;
    %jmp T_11;
    .thread T_11;
    .scope S_0000000002824ce0;
T_12 ;
    %wait E_00000000028a68e0;
    %load/vec4 v000000000291a820_0;
    %flag_set/vec4 8;
    %jmp/0xz  T_12.0, 8;
    %load/vec4 v000000000291a3c0_0;
    %load/vec4 v000000000291a780_0;
    %pad/u 10;
    %ix/vec4 3;
    %ix/load 4, 0, 0; Constant delay
    %assign/vec4/a/d v0000000002840c40, 0, 4;
T_12.0 ;
    %jmp T_12;
    .thread T_12;
    .scope S_0000000002824ce0;
T_13 ;
    %wait E_00000000028a5fa0;
    %load/vec4 v000000000291a320_0;
    %flag_set/vec4 8;
    %jmp/0xz  T_13.0, 8;
    %pushi/vec4 0, 0, 8;
    %assign/vec4 v000000000291a780_0, 0;
    %pushi/vec4 0, 0, 8;
    %assign/vec4 v00000000028410a0_0, 0;
    %pushi/vec4 0, 0, 1;
    %assign/vec4 v0000000002841000_0, 0;
    %pushi/vec4 1, 0, 1;
    %assign/vec4 v0000000002840880_0, 0;
    %jmp T_13.1;
T_13.0 ;
    %load/vec4 v0000000002919560_0;
    %assign/vec4 v000000000291a780_0, 0;
    %load/vec4 v000000000291a6e0_0;
    %assign/vec4 v00000000028410a0_0, 0;
    %load/vec4 v0000000002840ce0_0;
    %assign/vec4 v0000000002841000_0, 0;
    %load/vec4 v0000000002840740_0;
    %assign/vec4 v0000000002840880_0, 0;
T_13.1 ;
    %jmp T_13;
    .thread T_13;
    .scope S_0000000002824ce0;
T_14 ;
    %wait E_00000000028a68a0;
    %load/vec4 v000000000291a780_0;
    %addi 1, 0, 8;
    %store/vec4 v00000000029199c0_0, 0, 8;
    %load/vec4 v00000000028410a0_0;
    %addi 1, 0, 8;
    %store/vec4 v0000000002919100_0, 0, 8;
    %load/vec4 v000000000291a780_0;
    %store/vec4 v0000000002919560_0, 0, 8;
    %load/vec4 v00000000028410a0_0;
    %store/vec4 v000000000291a6e0_0, 0, 8;
    %load/vec4 v0000000002841000_0;
    %store/vec4 v0000000002840ce0_0, 0, 1;
    %load/vec4 v0000000002840880_0;
    %store/vec4 v0000000002840740_0, 0, 1;
    %load/vec4 v00000000029194c0_0;
    %load/vec4 v000000000283fca0_0;
    %concat/vec4; draw_concat_vec4
    %dup/vec4;
    %pushi/vec4 1, 0, 2;
    %cmp/u;
    %jmp/1 T_14.0, 6;
    %dup/vec4;
    %pushi/vec4 2, 0, 2;
    %cmp/u;
    %jmp/1 T_14.1, 6;
    %dup/vec4;
    %pushi/vec4 3, 0, 2;
    %cmp/u;
    %jmp/1 T_14.2, 6;
    %jmp T_14.3;
T_14.0 ;
    %load/vec4 v0000000002840880_0;
    %inv;
    %flag_set/vec4 8;
    %jmp/0xz  T_14.4, 8;
    %load/vec4 v0000000002919100_0;
    %store/vec4 v000000000291a6e0_0, 0, 8;
    %pushi/vec4 0, 0, 1;
    %store/vec4 v0000000002840ce0_0, 0, 1;
    %load/vec4 v0000000002919100_0;
    %load/vec4 v000000000291a780_0;
    %cmp/e;
    %jmp/0xz  T_14.6, 4;
    %pushi/vec4 1, 0, 1;
    %store/vec4 v0000000002840740_0, 0, 1;
T_14.6 ;
T_14.4 ;
    %jmp T_14.3;
T_14.1 ;
    %load/vec4 v0000000002841000_0;
    %inv;
    %flag_set/vec4 8;
    %jmp/0xz  T_14.8, 8;
    %load/vec4 v00000000029199c0_0;
    %store/vec4 v0000000002919560_0, 0, 8;
    %pushi/vec4 0, 0, 1;
    %store/vec4 v0000000002840740_0, 0, 1;
    %load/vec4 v00000000029199c0_0;
    %load/vec4 v00000000028410a0_0;
    %cmp/e;
    %jmp/0xz  T_14.10, 4;
    %pushi/vec4 1, 0, 1;
    %store/vec4 v0000000002840ce0_0, 0, 1;
T_14.10 ;
T_14.8 ;
    %jmp T_14.3;
T_14.2 ;
    %load/vec4 v00000000029199c0_0;
    %store/vec4 v0000000002919560_0, 0, 8;
    %load/vec4 v0000000002919100_0;
    %store/vec4 v000000000291a6e0_0, 0, 8;
    %jmp T_14.3;
T_14.3 ;
    %pop/vec4 1;
    %jmp T_14;
    .thread T_14, $push;
    .scope S_00000000027fe990;
T_15 ;
    %wait E_00000000028a5fa0;
    %load/vec4 v000000000291a5a0_0;
    %flag_set/vec4 8;
    %jmp/0xz  T_15.0, 8;
    %pushi/vec4 0, 0, 17;
    %split/vec4 8;
    %assign/vec4 v000000000291ac80_0, 0;
    %split/vec4 3;
    %assign/vec4 v0000000002919ba0_0, 0;
    %split/vec4 4;
    %assign/vec4 v0000000002919d80_0, 0;
    %assign/vec4 v0000000002919f60_0, 0;
    %jmp T_15.1;
T_15.0 ;
    %load/vec4 v0000000002919ec0_0;
    %load/vec4 v0000000002919c40_0;
    %concat/vec4; draw_concat_vec4
    %load/vec4 v0000000002919420_0;
    %concat/vec4; draw_concat_vec4
    %load/vec4 v0000000002919a60_0;
    %concat/vec4; draw_concat_vec4
    %split/vec4 8;
    %assign/vec4 v000000000291ac80_0, 0;
    %split/vec4 3;
    %assign/vec4 v0000000002919ba0_0, 0;
    %split/vec4 4;
    %assign/vec4 v0000000002919d80_0, 0;
    %assign/vec4 v0000000002919f60_0, 0;
T_15.1 ;
    %jmp T_15;
    .thread T_15;
    .scope S_00000000027fe990;
T_16 ;
    %wait E_00000000028a65a0;
    %pushi/vec4 0, 0, 1;
    %store/vec4 v000000000291adc0_0, 0, 1;
    %load/vec4 v0000000002919f60_0;
    %load/vec4 v0000000002919d80_0;
    %concat/vec4; draw_concat_vec4
    %load/vec4 v0000000002919ba0_0;
    %concat/vec4; draw_concat_vec4
    %load/vec4 v000000000291ac80_0;
    %concat/vec4; draw_concat_vec4
    %split/vec4 8;
    %store/vec4 v0000000002919a60_0, 0, 8;
    %split/vec4 3;
    %store/vec4 v0000000002919420_0, 0, 3;
    %split/vec4 4;
    %store/vec4 v0000000002919c40_0, 0, 4;
    %store/vec4 v0000000002919ec0_0, 0, 2;
    %load/vec4 v0000000002919f60_0;
    %dup/vec4;
    %pushi/vec4 0, 0, 2;
    %cmp/u;
    %jmp/1 T_16.0, 6;
    %dup/vec4;
    %pushi/vec4 1, 0, 2;
    %cmp/u;
    %jmp/1 T_16.1, 6;
    %dup/vec4;
    %pushi/vec4 2, 0, 2;
    %cmp/u;
    %jmp/1 T_16.2, 6;
    %dup/vec4;
    %pushi/vec4 3, 0, 2;
    %cmp/u;
    %jmp/1 T_16.3, 6;
    %jmp T_16.4;
T_16.0 ;
    %load/vec4 v000000000291a640_0;
    %inv;
    %flag_set/vec4 8;
    %jmp/0xz  T_16.5, 8;
    %pushi/vec4 16, 0, 6;
    %split/vec4 4;
    %store/vec4 v0000000002919c40_0, 0, 4;
    %store/vec4 v0000000002919ec0_0, 0, 2;
T_16.5 ;
    %jmp T_16.4;
T_16.1 ;
    %load/vec4 v0000000002919e20_0;
    %flag_set/vec4 8;
    %jmp/0xz  T_16.7, 8;
    %load/vec4 v0000000002919d80_0;
    %pad/u 32;
    %cmpi/e 7, 0, 32;
    %jmp/0xz  T_16.9, 4;
    %pushi/vec4 256, 0, 9;
    %split/vec4 3;
    %store/vec4 v0000000002919420_0, 0, 3;
    %split/vec4 4;
    %store/vec4 v0000000002919c40_0, 0, 4;
    %store/vec4 v0000000002919ec0_0, 0, 2;
    %jmp T_16.10;
T_16.9 ;
    %load/vec4 v0000000002919d80_0;
    %addi 1, 0, 4;
    %store/vec4 v0000000002919c40_0, 0, 4;
T_16.10 ;
T_16.7 ;
    %jmp T_16.4;
T_16.2 ;
    %load/vec4 v0000000002919e20_0;
    %flag_set/vec4 8;
    %jmp/0xz  T_16.11, 8;
    %load/vec4 v0000000002919d80_0;
    %pad/u 32;
    %cmpi/e 15, 0, 32;
    %jmp/0xz  T_16.13, 4;
    %pushi/vec4 0, 0, 4;
    %store/vec4 v0000000002919c40_0, 0, 4;
    %load/vec4 v000000000291a640_0;
    %load/vec4 v000000000291ac80_0;
    %parti/s 7, 1, 2;
    %concat/vec4; draw_concat_vec4
    %store/vec4 v0000000002919a60_0, 0, 8;
    %load/vec4 v0000000002919ba0_0;
    %pad/u 32;
    %cmpi/e 7, 0, 32;
    %jmp/0xz  T_16.15, 4;
    %pushi/vec4 3, 0, 2;
    %store/vec4 v0000000002919ec0_0, 0, 2;
    %jmp T_16.16;
T_16.15 ;
    %load/vec4 v0000000002919ba0_0;
    %addi 1, 0, 3;
    %store/vec4 v0000000002919420_0, 0, 3;
T_16.16 ;
    %jmp T_16.14;
T_16.13 ;
    %load/vec4 v0000000002919d80_0;
    %addi 1, 0, 4;
    %store/vec4 v0000000002919c40_0, 0, 4;
T_16.14 ;
T_16.11 ;
    %jmp T_16.4;
T_16.3 ;
    %load/vec4 v0000000002919e20_0;
    %flag_set/vec4 8;
    %jmp/0xz  T_16.17, 8;
    %load/vec4 v0000000002919d80_0;
    %pad/u 32;
    %cmpi/e 15, 0, 32;
    %jmp/0xz  T_16.19, 4;
    %pushi/vec4 1, 0, 3;
    %split/vec4 1;
    %store/vec4 v000000000291adc0_0, 0, 1;
    %store/vec4 v0000000002919ec0_0, 0, 2;
    %jmp T_16.20;
T_16.19 ;
    %load/vec4 v0000000002919d80_0;
    %addi 1, 0, 4;
    %store/vec4 v0000000002919c40_0, 0, 4;
T_16.20 ;
T_16.17 ;
    %jmp T_16.4;
T_16.4 ;
    %pop/vec4 1;
    %jmp T_16;
    .thread T_16, $push;
    .scope S_0000000002821280;
T_17 ;
    %wait E_00000000028a68e0;
    %load/vec4 v0000000002919b00_0;
    %flag_set/vec4 8;
    %jmp/0xz  T_17.0, 8;
    %load/vec4 v00000000029192e0_0;
    %load/vec4 v000000000291a500_0;
    %pad/u 10;
    %ix/vec4 3;
    %ix/load 4, 0, 0; Constant delay
    %assign/vec4/a/d v000000000291af00, 0, 4;
T_17.0 ;
    %jmp T_17;
    .thread T_17;
    .scope S_0000000002821280;
T_18 ;
    %wait E_00000000028a5fa0;
    %load/vec4 v000000000291a140_0;
    %flag_set/vec4 8;
    %jmp/0xz  T_18.0, 8;
    %pushi/vec4 0, 0, 8;
    %assign/vec4 v000000000291a500_0, 0;
    %pushi/vec4 0, 0, 8;
    %assign/vec4 v0000000002919740_0, 0;
    %pushi/vec4 0, 0, 1;
    %assign/vec4 v000000000291a280_0, 0;
    %pushi/vec4 1, 0, 1;
    %assign/vec4 v000000000291a460_0, 0;
    %jmp T_18.1;
T_18.0 ;
    %load/vec4 v000000000291abe0_0;
    %assign/vec4 v000000000291a500_0, 0;
    %load/vec4 v000000000291ab40_0;
    %assign/vec4 v0000000002919740_0, 0;
    %load/vec4 v00000000029191a0_0;
    %assign/vec4 v000000000291a280_0, 0;
    %load/vec4 v00000000029196a0_0;
    %assign/vec4 v000000000291a460_0, 0;
T_18.1 ;
    %jmp T_18;
    .thread T_18;
    .scope S_0000000002821280;
T_19 ;
    %wait E_00000000028a65e0;
    %load/vec4 v000000000291a500_0;
    %addi 1, 0, 8;
    %store/vec4 v0000000002919920_0, 0, 8;
    %load/vec4 v0000000002919740_0;
    %addi 1, 0, 8;
    %store/vec4 v0000000002919240_0, 0, 8;
    %load/vec4 v000000000291a500_0;
    %store/vec4 v000000000291abe0_0, 0, 8;
    %load/vec4 v0000000002919740_0;
    %store/vec4 v000000000291ab40_0, 0, 8;
    %load/vec4 v000000000291a280_0;
    %store/vec4 v00000000029191a0_0, 0, 1;
    %load/vec4 v000000000291a460_0;
    %store/vec4 v00000000029196a0_0, 0, 1;
    %load/vec4 v0000000002919880_0;
    %load/vec4 v0000000002919ce0_0;
    %concat/vec4; draw_concat_vec4
    %dup/vec4;
    %pushi/vec4 1, 0, 2;
    %cmp/u;
    %jmp/1 T_19.0, 6;
    %dup/vec4;
    %pushi/vec4 2, 0, 2;
    %cmp/u;
    %jmp/1 T_19.1, 6;
    %dup/vec4;
    %pushi/vec4 3, 0, 2;
    %cmp/u;
    %jmp/1 T_19.2, 6;
    %jmp T_19.3;
T_19.0 ;
    %load/vec4 v000000000291a460_0;
    %inv;
    %flag_set/vec4 8;
    %jmp/0xz  T_19.4, 8;
    %load/vec4 v0000000002919240_0;
    %store/vec4 v000000000291ab40_0, 0, 8;
    %pushi/vec4 0, 0, 1;
    %store/vec4 v00000000029191a0_0, 0, 1;
    %load/vec4 v0000000002919240_0;
    %load/vec4 v000000000291a500_0;
    %cmp/e;
    %jmp/0xz  T_19.6, 4;
    %pushi/vec4 1, 0, 1;
    %store/vec4 v00000000029196a0_0, 0, 1;
T_19.6 ;
T_19.4 ;
    %jmp T_19.3;
T_19.1 ;
    %load/vec4 v000000000291a280_0;
    %inv;
    %flag_set/vec4 8;
    %jmp/0xz  T_19.8, 8;
    %load/vec4 v0000000002919920_0;
    %store/vec4 v000000000291abe0_0, 0, 8;
    %pushi/vec4 0, 0, 1;
    %store/vec4 v00000000029196a0_0, 0, 1;
    %load/vec4 v0000000002919920_0;
    %load/vec4 v0000000002919740_0;
    %cmp/e;
    %jmp/0xz  T_19.10, 4;
    %pushi/vec4 1, 0, 1;
    %store/vec4 v00000000029191a0_0, 0, 1;
T_19.10 ;
T_19.8 ;
    %jmp T_19.3;
T_19.2 ;
    %load/vec4 v0000000002919920_0;
    %store/vec4 v000000000291abe0_0, 0, 8;
    %load/vec4 v0000000002919240_0;
    %store/vec4 v000000000291ab40_0, 0, 8;
    %jmp T_19.3;
T_19.3 ;
    %pop/vec4 1;
    %jmp T_19;
    .thread T_19, $push;
    .scope S_00000000027feb10;
T_20 ;
    %wait E_00000000028a5fa0;
    %load/vec4 v000000000291fc60_0;
    %flag_set/vec4 8;
    %jmp/0xz  T_20.0, 8;
    %pushi/vec4 1, 0, 18;
    %split/vec4 1;
    %assign/vec4 v000000000291fda0_0, 0;
    %split/vec4 8;
    %assign/vec4 v000000000291a0a0_0, 0;
    %split/vec4 3;
    %assign/vec4 v000000000291fa80_0, 0;
    %split/vec4 4;
    %assign/vec4 v000000000291f440_0, 0;
    %assign/vec4 v0000000002920160_0, 0;
    %jmp T_20.1;
T_20.0 ;
    %load/vec4 v0000000002920b60_0;
    %load/vec4 v000000000291f4e0_0;
    %concat/vec4; draw_concat_vec4
    %load/vec4 v0000000002920020_0;
    %concat/vec4; draw_concat_vec4
    %load/vec4 v000000000291a000_0;
    %concat/vec4; draw_concat_vec4
    %load/vec4 v000000000291f300_0;
    %concat/vec4; draw_concat_vec4
    %split/vec4 1;
    %assign/vec4 v000000000291fda0_0, 0;
    %split/vec4 8;
    %assign/vec4 v000000000291a0a0_0, 0;
    %split/vec4 3;
    %assign/vec4 v000000000291fa80_0, 0;
    %split/vec4 4;
    %assign/vec4 v000000000291f440_0, 0;
    %assign/vec4 v0000000002920160_0, 0;
T_20.1 ;
    %jmp T_20;
    .thread T_20;
    .scope S_00000000027feb10;
T_21 ;
    %wait E_00000000028a6320;
    %load/vec4 v0000000002920160_0;
    %concati/vec4 0, 0, 1;
    %load/vec4 v000000000291f440_0;
    %concat/vec4; draw_concat_vec4
    %load/vec4 v000000000291fa80_0;
    %concat/vec4; draw_concat_vec4
    %load/vec4 v000000000291a0a0_0;
    %concat/vec4; draw_concat_vec4
    %load/vec4 v000000000291fda0_0;
    %concat/vec4; draw_concat_vec4
    %split/vec4 1;
    %store/vec4 v000000000291f300_0, 0, 1;
    %split/vec4 8;
    %store/vec4 v000000000291a000_0, 0, 8;
    %split/vec4 3;
    %store/vec4 v0000000002920020_0, 0, 3;
    %split/vec4 4;
    %store/vec4 v000000000291f4e0_0, 0, 4;
    %split/vec4 1;
    %store/vec4 v000000000291f800_0, 0, 1;
    %store/vec4 v0000000002920b60_0, 0, 2;
    %load/vec4 v0000000002920160_0;
    %dup/vec4;
    %pushi/vec4 0, 0, 2;
    %cmp/u;
    %jmp/1 T_21.0, 6;
    %dup/vec4;
    %pushi/vec4 1, 0, 2;
    %cmp/u;
    %jmp/1 T_21.1, 6;
    %dup/vec4;
    %pushi/vec4 2, 0, 2;
    %cmp/u;
    %jmp/1 T_21.2, 6;
    %dup/vec4;
    %pushi/vec4 3, 0, 2;
    %cmp/u;
    %jmp/1 T_21.3, 6;
    %jmp T_21.4;
T_21.0 ;
    %pushi/vec4 1, 0, 1;
    %store/vec4 v000000000291f300_0, 0, 1;
    %load/vec4 v000000000291f760_0;
    %flag_set/vec4 8;
    %jmp/0xz  T_21.5, 8;
    %pushi/vec4 1, 0, 2;
    %concati/vec4 0, 0, 4;
    %load/vec4 v000000000291fd00_0;
    %concat/vec4; draw_concat_vec4
    %split/vec4 8;
    %store/vec4 v000000000291a000_0, 0, 8;
    %split/vec4 4;
    %store/vec4 v000000000291f4e0_0, 0, 4;
    %store/vec4 v0000000002920b60_0, 0, 2;
T_21.5 ;
    %jmp T_21.4;
T_21.1 ;
    %pushi/vec4 0, 0, 1;
    %store/vec4 v000000000291f300_0, 0, 1;
    %load/vec4 v00000000029200c0_0;
    %flag_set/vec4 8;
    %jmp/0xz  T_21.7, 8;
    %load/vec4 v000000000291f440_0;
    %pad/u 32;
    %cmpi/e 15, 0, 32;
    %jmp/0xz  T_21.9, 4;
    %pushi/vec4 256, 0, 9;
    %split/vec4 3;
    %store/vec4 v0000000002920020_0, 0, 3;
    %split/vec4 4;
    %store/vec4 v000000000291f4e0_0, 0, 4;
    %store/vec4 v0000000002920b60_0, 0, 2;
    %jmp T_21.10;
T_21.9 ;
    %load/vec4 v000000000291f440_0;
    %addi 1, 0, 4;
    %store/vec4 v000000000291f4e0_0, 0, 4;
T_21.10 ;
T_21.7 ;
    %jmp T_21.4;
T_21.2 ;
    %load/vec4 v000000000291a0a0_0;
    %parti/s 1, 0, 2;
    %store/vec4 v000000000291f300_0, 0, 1;
    %load/vec4 v00000000029200c0_0;
    %flag_set/vec4 8;
    %jmp/0xz  T_21.11, 8;
    %load/vec4 v000000000291f440_0;
    %pad/u 32;
    %cmpi/e 15, 0, 32;
    %jmp/0xz  T_21.13, 4;
    %pushi/vec4 0, 0, 4;
    %store/vec4 v000000000291f4e0_0, 0, 4;
    %load/vec4 v000000000291a0a0_0;
    %ix/load 4, 1, 0;
    %flag_set/imm 4, 0;
    %shiftr 4;
    %store/vec4 v000000000291a000_0, 0, 8;
    %load/vec4 v000000000291fa80_0;
    %pad/u 32;
    %cmpi/e 7, 0, 32;
    %jmp/0xz  T_21.15, 4;
    %pushi/vec4 3, 0, 2;
    %store/vec4 v0000000002920b60_0, 0, 2;
    %jmp T_21.16;
T_21.15 ;
    %load/vec4 v000000000291fa80_0;
    %addi 1, 0, 3;
    %store/vec4 v0000000002920020_0, 0, 3;
T_21.16 ;
    %jmp T_21.14;
T_21.13 ;
    %load/vec4 v000000000291f440_0;
    %addi 1, 0, 4;
    %store/vec4 v000000000291f4e0_0, 0, 4;
T_21.14 ;
T_21.11 ;
    %jmp T_21.4;
T_21.3 ;
    %pushi/vec4 1, 0, 1;
    %store/vec4 v000000000291f300_0, 0, 1;
    %load/vec4 v00000000029200c0_0;
    %flag_set/vec4 8;
    %jmp/0xz  T_21.17, 8;
    %load/vec4 v000000000291f440_0;
    %pad/u 32;
    %cmpi/e 15, 0, 32;
    %jmp/0xz  T_21.19, 4;
    %pushi/vec4 0, 0, 2;
    %store/vec4 v0000000002920b60_0, 0, 2;
    %pushi/vec4 1, 0, 1;
    %store/vec4 v000000000291f800_0, 0, 1;
    %jmp T_21.20;
T_21.19 ;
    %load/vec4 v000000000291f440_0;
    %addi 1, 0, 4;
    %store/vec4 v000000000291f4e0_0, 0, 4;
T_21.20 ;
T_21.17 ;
    %jmp T_21.4;
T_21.4 ;
    %pop/vec4 1;
    %jmp T_21;
    .thread T_21, $push;
    .scope S_000000000282c870;
T_22 ;
    %wait E_00000000028a6aa0;
    %load/vec4 v0000000002920980_0;
    %ix/getv/s 4, v0000000002920ca0_0;
    %store/vec4a v0000000002920d40, 4, 0;
    %load/vec4 v0000000002920ca0_0;
    %addi 1, 0, 32;
    %store/vec4 v0000000002920ca0_0, 0, 32;
    %load/vec4 v0000000002920ca0_0;
    %cmpi/e 9, 0, 32;
    %jmp/0xz  T_22.0, 4;
    %pushi/vec4 0, 0, 32;
    %store/vec4 v0000000002920ca0_0, 0, 32;
    %ix/load 4, 0, 0;
    %flag_set/imm 4, 0;
    %load/vec4a v0000000002920d40, 4;
    %pad/u 32;
    %cmpi/e 1, 0, 32;
    %jmp/0xz  T_22.2, 4;
    %pushi/vec4 1, 0, 1;
    %assign/vec4 v000000000291f620_0, 0;
    %pushi/vec4 0, 0, 32;
    %store/vec4 v000000000291f9e0_0, 0, 32;
T_22.4 ;
    %load/vec4 v000000000291f9e0_0;
    %cmpi/s 8, 0, 32;
    %jmp/0xz T_22.5, 5;
    %ix/getv/s 4, v000000000291f9e0_0;
    %load/vec4a v0000000002920de0, 4;
    %ix/getv/s 3, v000000000291f9e0_0;
    %ix/load 4, 0, 0; Constant delay
    %assign/vec4/a/d v000000000291f260, 0, 4;
    %load/vec4 v000000000291f9e0_0;
    %addi 1, 0, 32;
    %store/vec4 v000000000291f9e0_0, 0, 32;
    %jmp T_22.4;
T_22.5 ;
T_22.2 ;
T_22.0 ;
    %jmp T_22;
    .thread T_22;
    .scope S_000000000282c870;
T_23 ;
    %wait E_00000000028a68e0;
    %load/vec4 v00000000029203e0_0;
    %pad/u 32;
    %cmpi/e 1, 0, 32;
    %jmp/0xz  T_23.0, 4;
    %pushi/vec4 0, 0, 32;
    %store/vec4 v0000000002920340_0, 0, 32;
    %pushi/vec4 0, 0, 32;
    %store/vec4 v0000000002920ca0_0, 0, 32;
    %jmp T_23.1;
T_23.0 ;
    %load/vec4 v000000000291f620_0;
    %pad/u 32;
    %cmpi/e 1, 0, 32;
    %jmp/0xz  T_23.2, 4;
    %load/vec4 v0000000002920340_0;
    %cmpi/s 8, 0, 32;
    %jmp/0xz  T_23.4, 5;
    %ix/getv/s 4, v0000000002920340_0;
    %load/vec4a v000000000291f260, 4;
    %store/vec4 v0000000002920520_0, 0, 8;
    %pushi/vec4 1, 0, 1;
    %store/vec4 v0000000002923900_0, 0, 1;
    %jmp T_23.5;
T_23.4 ;
    %pushi/vec4 0, 0, 1;
    %store/vec4 v0000000002923900_0, 0, 1;
    %pushi/vec4 0, 0, 1;
    %assign/vec4 v000000000291f620_0, 0;
T_23.5 ;
    %load/vec4 v0000000002920340_0;
    %addi 1, 0, 32;
    %assign/vec4 v0000000002920340_0, 0;
    %load/vec4 v0000000002920340_0;
    %cmpi/e 9, 0, 32;
    %jmp/0xz  T_23.6, 4;
    %pushi/vec4 0, 0, 32;
    %assign/vec4 v0000000002920340_0, 0;
T_23.6 ;
T_23.2 ;
T_23.1 ;
    %jmp T_23;
    .thread T_23;
    .scope S_000000000282c870;
T_24 ;
    %wait E_00000000028a53a0;
    %ix/load 4, 0, 0;
    %flag_set/imm 4, 0;
    %load/vec4a v0000000002920d40, 4;
    %pad/u 32;
    %cmpi/e 0, 0, 32;
    %jmp/0xz  T_24.0, 4;
    %ix/load 4, 1, 0;
    %flag_set/imm 4, 0;
    %load/vec4a v0000000002920d40, 4;
    %ix/load 4, 2, 0;
    %flag_set/imm 4, 0;
    %load/vec4a v0000000002920d40, 4;
    %concat/vec4; draw_concat_vec4
    %ix/load 4, 3, 0;
    %flag_set/imm 4, 0;
    %load/vec4a v0000000002920d40, 4;
    %concat/vec4; draw_concat_vec4
    %ix/load 4, 4, 0;
    %flag_set/imm 4, 0;
    %load/vec4a v0000000002920d40, 4;
    %concat/vec4; draw_concat_vec4
    %store/vec4 v00000000029230e0_0, 0, 32;
    %ix/load 4, 5, 0;
    %flag_set/imm 4, 0;
    %load/vec4a v0000000002920d40, 4;
    %ix/load 4, 6, 0;
    %flag_set/imm 4, 0;
    %load/vec4a v0000000002920d40, 4;
    %concat/vec4; draw_concat_vec4
    %ix/load 4, 7, 0;
    %flag_set/imm 4, 0;
    %load/vec4a v0000000002920d40, 4;
    %concat/vec4; draw_concat_vec4
    %ix/load 4, 8, 0;
    %flag_set/imm 4, 0;
    %load/vec4a v0000000002920d40, 4;
    %concat/vec4; draw_concat_vec4
    %store/vec4 v00000000029226e0_0, 0, 32;
    %jmp T_24.1;
T_24.0 ;
    %ix/load 4, 0, 0;
    %flag_set/imm 4, 0;
    %load/vec4a v0000000002920d40, 4;
    %pad/u 32;
    %cmpi/e 1, 0, 32;
    %jmp/0xz  T_24.2, 4;
    %ix/load 4, 1, 0;
    %flag_set/imm 4, 0;
    %load/vec4a v0000000002920d40, 4;
    %ix/load 4, 2, 0;
    %flag_set/imm 4, 0;
    %load/vec4a v0000000002920d40, 4;
    %concat/vec4; draw_concat_vec4
    %ix/load 4, 3, 0;
    %flag_set/imm 4, 0;
    %load/vec4a v0000000002920d40, 4;
    %concat/vec4; draw_concat_vec4
    %ix/load 4, 4, 0;
    %flag_set/imm 4, 0;
    %load/vec4a v0000000002920d40, 4;
    %concat/vec4; draw_concat_vec4
    %store/vec4 v000000000291fb20_0, 0, 32;
    %ix/load 4, 5, 0;
    %flag_set/imm 4, 0;
    %load/vec4a v0000000002920d40, 4;
    %ix/load 4, 6, 0;
    %flag_set/imm 4, 0;
    %load/vec4a v0000000002920d40, 4;
    %concat/vec4; draw_concat_vec4
    %ix/load 4, 7, 0;
    %flag_set/imm 4, 0;
    %load/vec4a v0000000002920d40, 4;
    %concat/vec4; draw_concat_vec4
    %ix/load 4, 8, 0;
    %flag_set/imm 4, 0;
    %load/vec4a v0000000002920d40, 4;
    %concat/vec4; draw_concat_vec4
    %store/vec4 v000000000291fee0_0, 0, 32;
    %pushi/vec4 0, 0, 32;
    %store/vec4 v000000000291f9e0_0, 0, 32;
T_24.4 ;
    %load/vec4 v000000000291f9e0_0;
    %cmpi/s 4, 0, 32;
    %jmp/0xz T_24.5, 5;
    %load/vec4 v000000000291fb20_0;
    %load/vec4 v000000000291f9e0_0;
    %muli 8, 0, 32;
    %part/s 8;
    %pad/u 17;
    %load/vec4 v00000000029230e0_0;
    %load/vec4 v000000000291f9e0_0;
    %muli 8, 0, 32;
    %part/s 8;
    %pad/u 17;
    %mul;
    %load/vec4 v000000000291fb20_0;
    %load/vec4 v000000000291f9e0_0;
    %muli 8, 0, 32;
    %part/s 8;
    %pad/u 17;
    %load/vec4 v00000000029230e0_0;
    %load/vec4 v000000000291f9e0_0;
    %muli 8, 0, 32;
    %part/s 8;
    %pad/u 17;
    %mul;
    %add;
    %store/vec4 v0000000002920480_0, 0, 17;
    %load/vec4 v0000000002920480_0;
    %parti/s 8, 9, 5;
    %ix/getv/s 4, v000000000291f9e0_0;
    %store/vec4a v0000000002920de0, 4, 0;
    %load/vec4 v000000000291f9e0_0;
    %addi 1, 0, 32;
    %store/vec4 v000000000291f9e0_0, 0, 32;
    %jmp T_24.4;
T_24.5 ;
T_24.2 ;
T_24.1 ;
    %jmp T_24;
    .thread T_24, $push;
    .scope S_0000000002845c40;
T_25 ;
    %pushi/vec4 0, 0, 1;
    %store/vec4 v0000000002928b10_0, 0, 1;
    %pushi/vec4 0, 0, 1;
    %store/vec4 v0000000002927a30_0, 0, 1;
T_25.0 ;
    %delay 20, 0;
    %load/vec4 v0000000002928b10_0;
    %inv;
    %store/vec4 v0000000002928b10_0, 0, 1;
    %jmp T_25.0;
    %end;
    .thread T_25;
    .scope S_0000000002845c40;
T_26 ;
    %delay 80, 0;
    %pushi/vec4 1, 0, 1;
    %store/vec4 v0000000002927a30_0, 0, 1;
    %delay 2000000, 0;
    %pushi/vec4 0, 0, 1;
    %store/vec4 v0000000002927a30_0, 0, 1;
    %delay 2000000, 0;
    %pushi/vec4 0, 0, 1;
    %store/vec4 v0000000002927350_0, 0, 1;
    %wait E_00000000028a68e0;
    %pushi/vec4 1, 0, 9;
    %split/vec4 1;
    %store/vec4 v0000000002927f30_0, 0, 1;
    %store/vec4 v00000000029281b0_0, 0, 8;
    %wait E_00000000028a68e0;
    %pushi/vec4 0, 0, 1;
    %store/vec4 v0000000002927f30_0, 0, 1;
    %delay 1043300, 0;
    %wait E_00000000028a68e0;
    %pushi/vec4 3, 0, 9;
    %split/vec4 1;
    %store/vec4 v0000000002927f30_0, 0, 1;
    %store/vec4 v00000000029281b0_0, 0, 8;
    %wait E_00000000028a68e0;
    %pushi/vec4 0, 0, 1;
    %store/vec4 v0000000002927f30_0, 0, 1;
    %delay 1043300, 0;
    %wait E_00000000028a68e0;
    %pushi/vec4 5, 0, 9;
    %split/vec4 1;
    %store/vec4 v0000000002927f30_0, 0, 1;
    %store/vec4 v00000000029281b0_0, 0, 8;
    %wait E_00000000028a68e0;
    %pushi/vec4 0, 0, 1;
    %store/vec4 v0000000002927f30_0, 0, 1;
    %delay 1043300, 0;
    %wait E_00000000028a68e0;
    %pushi/vec4 7, 0, 9;
    %split/vec4 1;
    %store/vec4 v0000000002927f30_0, 0, 1;
    %store/vec4 v00000000029281b0_0, 0, 8;
    %wait E_00000000028a68e0;
    %pushi/vec4 0, 0, 1;
    %store/vec4 v0000000002927f30_0, 0, 1;
    %delay 1043300, 0;
    %wait E_00000000028a68e0;
    %pushi/vec4 9, 0, 9;
    %split/vec4 1;
    %store/vec4 v0000000002927f30_0, 0, 1;
    %store/vec4 v00000000029281b0_0, 0, 8;
    %wait E_00000000028a68e0;
    %pushi/vec4 0, 0, 1;
    %store/vec4 v0000000002927f30_0, 0, 1;
    %delay 1043300, 0;
    %wait E_00000000028a68e0;
    %pushi/vec4 11, 0, 9;
    %split/vec4 1;
    %store/vec4 v0000000002927f30_0, 0, 1;
    %store/vec4 v00000000029281b0_0, 0, 8;
    %wait E_00000000028a68e0;
    %pushi/vec4 0, 0, 1;
    %store/vec4 v0000000002927f30_0, 0, 1;
    %delay 1043300, 0;
    %wait E_00000000028a68e0;
    %pushi/vec4 13, 0, 9;
    %split/vec4 1;
    %store/vec4 v0000000002927f30_0, 0, 1;
    %store/vec4 v00000000029281b0_0, 0, 8;
    %wait E_00000000028a68e0;
    %pushi/vec4 0, 0, 1;
    %store/vec4 v0000000002927f30_0, 0, 1;
    %delay 1043300, 0;
    %wait E_00000000028a68e0;
    %pushi/vec4 15, 0, 9;
    %split/vec4 1;
    %store/vec4 v0000000002927f30_0, 0, 1;
    %store/vec4 v00000000029281b0_0, 0, 8;
    %wait E_00000000028a68e0;
    %pushi/vec4 0, 0, 1;
    %store/vec4 v0000000002927f30_0, 0, 1;
    %delay 1043300, 0;
    %wait E_00000000028a68e0;
    %pushi/vec4 17, 0, 9;
    %split/vec4 1;
    %store/vec4 v0000000002927f30_0, 0, 1;
    %store/vec4 v00000000029281b0_0, 0, 8;
    %wait E_00000000028a68e0;
    %pushi/vec4 0, 0, 1;
    %store/vec4 v0000000002927f30_0, 0, 1;
    %delay 1043300, 0;
    %wait E_00000000028a68e0;
    %pushi/vec4 3, 0, 9;
    %split/vec4 1;
    %store/vec4 v0000000002927f30_0, 0, 1;
    %store/vec4 v00000000029281b0_0, 0, 8;
    %wait E_00000000028a68e0;
    %pushi/vec4 0, 0, 1;
    %store/vec4 v0000000002927f30_0, 0, 1;
    %delay 1043300, 0;
    %wait E_00000000028a68e0;
    %pushi/vec4 5, 0, 9;
    %split/vec4 1;
    %store/vec4 v0000000002927f30_0, 0, 1;
    %store/vec4 v00000000029281b0_0, 0, 8;
    %wait E_00000000028a68e0;
    %pushi/vec4 0, 0, 1;
    %store/vec4 v0000000002927f30_0, 0, 1;
    %delay 1043300, 0;
    %wait E_00000000028a68e0;
    %pushi/vec4 7, 0, 9;
    %split/vec4 1;
    %store/vec4 v0000000002927f30_0, 0, 1;
    %store/vec4 v00000000029281b0_0, 0, 8;
    %wait E_00000000028a68e0;
    %pushi/vec4 0, 0, 1;
    %store/vec4 v0000000002927f30_0, 0, 1;
    %delay 1043300, 0;
    %wait E_00000000028a68e0;
    %pushi/vec4 9, 0, 9;
    %split/vec4 1;
    %store/vec4 v0000000002927f30_0, 0, 1;
    %store/vec4 v00000000029281b0_0, 0, 8;
    %wait E_00000000028a68e0;
    %pushi/vec4 0, 0, 1;
    %store/vec4 v0000000002927f30_0, 0, 1;
    %delay 1043300, 0;
    %wait E_00000000028a68e0;
    %pushi/vec4 11, 0, 9;
    %split/vec4 1;
    %store/vec4 v0000000002927f30_0, 0, 1;
    %store/vec4 v00000000029281b0_0, 0, 8;
    %wait E_00000000028a68e0;
    %pushi/vec4 0, 0, 1;
    %store/vec4 v0000000002927f30_0, 0, 1;
    %delay 1043300, 0;
    %wait E_00000000028a68e0;
    %pushi/vec4 13, 0, 9;
    %split/vec4 1;
    %store/vec4 v0000000002927f30_0, 0, 1;
    %store/vec4 v00000000029281b0_0, 0, 8;
    %wait E_00000000028a68e0;
    %pushi/vec4 0, 0, 1;
    %store/vec4 v0000000002927f30_0, 0, 1;
    %delay 1043300, 0;
    %wait E_00000000028a68e0;
    %pushi/vec4 15, 0, 9;
    %split/vec4 1;
    %store/vec4 v0000000002927f30_0, 0, 1;
    %store/vec4 v00000000029281b0_0, 0, 8;
    %wait E_00000000028a68e0;
    %pushi/vec4 0, 0, 1;
    %store/vec4 v0000000002927f30_0, 0, 1;
    %delay 1043300, 0;
    %wait E_00000000028a68e0;
    %pushi/vec4 17, 0, 9;
    %split/vec4 1;
    %store/vec4 v0000000002927f30_0, 0, 1;
    %store/vec4 v00000000029281b0_0, 0, 8;
    %wait E_00000000028a68e0;
    %pushi/vec4 0, 0, 1;
    %store/vec4 v0000000002927f30_0, 0, 1;
    %delay 1043300, 0;
    %wait E_00000000028a68e0;
    %pushi/vec4 19, 0, 9;
    %split/vec4 1;
    %store/vec4 v0000000002927f30_0, 0, 1;
    %store/vec4 v00000000029281b0_0, 0, 8;
    %wait E_00000000028a68e0;
    %pushi/vec4 0, 0, 1;
    %store/vec4 v0000000002927f30_0, 0, 1;
    %delay 1043300, 0;
    %wait E_00000000028a68e0;
    %pushi/vec4 1, 0, 1;
    %store/vec4 v0000000002927350_0, 0, 1;
    %wait E_00000000028a68e0;
    %pushi/vec4 0, 0, 1;
    %store/vec4 v0000000002927350_0, 0, 1;
    %delay 200, 0;
    %vpi_call 2 111 "$finish" {0 0 0};
    %end;
    .thread T_26;
    .scope S_0000000002845c40;
T_27 ;
    %vpi_call 2 114 "$dumpfile", "a.vcd" {0 0 0};
    %vpi_call 2 115 "$dumpvars" {0 0 0};
    %end;
    .thread T_27;
# The file index is used to find the file name in the following table.
:file_names 9;
    "N/A";
    "<interactive>";
    "tb_pixl.v";
    "pixl.v";
    "uart.v";
    "counter.v";
    "fifo.v";
    "urx.v";
    "utx.v";
