#! c:/iverilog-x64/bin/vvp
:ivl_version "10.1 (stable)" "(v10_1_1)";
:ivl_delay_selection "TYPICAL";
:vpi_time_precision + 0;
:vpi_module "system";
:vpi_module "vhdl_sys";
:vpi_module "v2005_math";
:vpi_module "va_math";
S_00000000028ad480 .scope module, "tb_wide_adder_16bit" "tb_wide_adder_16bit" 2 111;
 .timescale 0 0;
v000000000291a0e0_0 .var "a", 15 0;
v000000000291aea0_0 .var "b", 15 0;
v000000000291a400_0 .var "c_in", 0 0;
v000000000291a540_0 .net "c_out", 0 0, L_000000000296d370;  1 drivers
v000000000291b080_0 .var "clk", 0 0;
v000000000291b3a0_0 .var "rst", 0 0;
v000000000291b440_0 .net "sum", 15 0, L_000000000296cfb0;  1 drivers
v000000000291a7c0_0 .net "sum_actual", 15 0, L_000000000291ac20;  1 drivers
E_00000000028a4a50 .event posedge, v000000000291ba80_0;
L_000000000291ac20 .arith/sum 16, v000000000291a0e0_0, v000000000291aea0_0;
S_00000000011e77b0 .scope module, "a1" "adder_16bit" 2 121, 2 52 0, S_00000000028ad480;
 .timescale 0 0;
    .port_info 0 /OUTPUT 16 "sum"
    .port_info 1 /OUTPUT 1 "cout"
    .port_info 2 /INPUT 16 "a"
    .port_info 3 /INPUT 16 "b"
    .port_info 4 /INPUT 1 "cin"
    .port_info 5 /INPUT 1 "clk"
    .port_info 6 /INPUT 1 "reset"
v000000000291b1c0_0 .net *"_s18", 11 0, v000000000291a720_0;  1 drivers
v000000000291a5e0_0 .net "a", 15 0, v000000000291a0e0_0;  1 drivers
v000000000291a9a0_0 .net "b", 15 0, v000000000291aea0_0;  1 drivers
v000000000291a2c0_0 .net "carry_stage_0_out", 0 0, L_0000000002964900;  1 drivers
v000000000291bd00_0 .var "carry_stage_1_in", 0 0;
v000000000291b260_0 .net "carry_stage_1_out", 0 0, L_0000000002966160;  1 drivers
v000000000291a220_0 .var "carry_stage_2_in", 0 0;
v000000000291a360_0 .net "carry_stage_2_out", 0 0, L_000000000296a8f0;  1 drivers
v000000000291b6c0_0 .var "carry_stage_3_in", 0 0;
v000000000291aa40_0 .net "cin", 0 0, v000000000291a400_0;  1 drivers
v000000000291ba80_0 .net "clk", 0 0, v000000000291b080_0;  1 drivers
v000000000291aae0_0 .net "cout", 0 0, L_000000000296d370;  alias, 1 drivers
v000000000291b8a0_0 .net "reset", 0 0, v000000000291b3a0_0;  1 drivers
v000000000291ab80_0 .var "stage_1_a", 11 0;
v0000000002919e60_0 .var "stage_1_b", 11 0;
v0000000002919f00_0 .var "stage_2_a", 7 0;
v000000000291afe0_0 .var "stage_2_b", 7 0;
v000000000291a680_0 .var "stage_3_a", 3 0;
v000000000291a4a0_0 .var "stage_3_b", 3 0;
v0000000002919fa0_0 .net "sum", 15 0, L_000000000296cfb0;  alias, 1 drivers
v000000000291b760_0 .var "sum_stage_0", 3 0;
v000000000291b940_0 .var "sum_stage_1", 7 0;
v000000000291a720_0 .var "sum_stage_2", 11 0;
v000000000291a040_0 .net "temp_0", 3 0, L_0000000002967920;  1 drivers
v000000000291ae00_0 .net "temp_1", 3 0, L_00000000029642c0;  1 drivers
v000000000291af40_0 .net "temp_2", 3 0, L_000000000296b570;  1 drivers
E_00000000028a4e50/0 .event edge, v000000000291b8a0_0;
E_00000000028a4e50/1 .event posedge, v000000000291ba80_0;
E_00000000028a4e50 .event/or E_00000000028a4e50/0, E_00000000028a4e50/1;
L_00000000029645e0 .part v000000000291a0e0_0, 0, 4;
L_0000000002965120 .part v000000000291aea0_0, 0, 4;
L_0000000002964e00 .part v000000000291ab80_0, 0, 4;
L_0000000002965a80 .part v0000000002919e60_0, 0, 4;
L_000000000296acb0 .part v0000000002919f00_0, 0, 4;
L_000000000296c330 .part v000000000291afe0_0, 0, 4;
L_000000000296cfb0 .concat8 [ 12 4 0 0], v000000000291a720_0, L_000000000296ce70;
S_00000000011e7930 .scope module, "w1" "wide_adder" 2 75, 2 5 0, S_00000000011e77b0;
 .timescale 0 0;
    .port_info 0 /OUTPUT 4 "s"
    .port_info 1 /OUTPUT 1 "cout"
    .port_info 2 /INPUT 4 "a"
    .port_info 3 /INPUT 4 "b"
    .port_info 4 /INPUT 1 "cin"
P_00000000028a4c50 .param/l "width" 0 2 5, C4<0100>;
L_000000000289c2d0 .functor BUFZ 1, v000000000291a400_0, C4<0>, C4<0>, C4<0>;
v0000000002905e40_0 .net *"_s33", 0 0, L_000000000289c2d0;  1 drivers
v0000000002904860_0 .net "a", 3 0, L_00000000029645e0;  1 drivers
v0000000002905ee0_0 .net "b", 3 0, L_0000000002965120;  1 drivers
v00000000029054e0_0 .net "c", 4 0, L_0000000002966840;  1 drivers
v0000000002905f80_0 .net "cin", 0 0, v000000000291a400_0;  alias, 1 drivers
v0000000002904a40_0 .net "cout", 0 0, L_0000000002964900;  alias, 1 drivers
v0000000002904ae0_0 .net "s", 3 0, L_0000000002967920;  alias, 1 drivers
L_0000000002967740 .part L_00000000029645e0, 0, 1;
L_0000000002966a20 .part L_0000000002965120, 0, 1;
L_0000000002966fc0 .part L_0000000002966840, 0, 1;
L_00000000029674c0 .part L_00000000029645e0, 1, 1;
L_00000000029679c0 .part L_0000000002965120, 1, 1;
L_0000000002966980 .part L_0000000002966840, 1, 1;
L_0000000002966d40 .part L_00000000029645e0, 2, 1;
L_0000000002967060 .part L_0000000002965120, 2, 1;
L_0000000002966de0 .part L_0000000002966840, 2, 1;
L_0000000002967920 .concat8 [ 1 1 1 1], L_000000000291b580, L_0000000002967b00, L_0000000002966ac0, L_0000000002967560;
L_0000000002967ba0 .part L_00000000029645e0, 3, 1;
L_0000000002967ce0 .part L_0000000002965120, 3, 1;
L_0000000002967e20 .part L_0000000002966840, 3, 1;
LS_0000000002966840_0_0 .concat8 [ 1 1 1 1], L_000000000289c2d0, L_000000000291b4e0, L_0000000002967c40, L_00000000029667a0;
LS_0000000002966840_0_4 .concat8 [ 1 0 0 0], L_0000000002966e80;
L_0000000002966840 .concat8 [ 4 1 0 0], LS_0000000002966840_0_0, LS_0000000002966840_0_4;
L_0000000002964900 .part L_0000000002966840, 4, 1;
S_0000000002851d50 .scope generate, "genblk1[0]" "genblk1[0]" 2 14, 2 14 0, S_00000000011e7930;
 .timescale 0 0;
P_00000000028a4610 .param/l "n" 0 2 14, +C4<00>;
S_0000000002851ed0 .scope module, "fa" "fa" 2 15, 2 1 0, S_0000000002851d50;
 .timescale 0 0;
    .port_info 0 /OUTPUT 1 "s"
    .port_info 1 /OUTPUT 1 "cout"
    .port_info 2 /INPUT 1 "a"
    .port_info 3 /INPUT 1 "b"
    .port_info 4 /INPUT 1 "cin"
L_000000000291bf80 .functor BUFT 1, C4<0>, C4<0>, C4<0>, C4<0>;
v00000000028a6f10_0 .net *"_s10", 0 0, L_000000000291bf80;  1 drivers
v00000000028a6d30_0 .net *"_s11", 1 0, L_000000000291b9e0;  1 drivers
v00000000028a7190_0 .net *"_s13", 1 0, L_0000000002967420;  1 drivers
L_000000000291bfc8 .functor BUFT 1, C4<0>, C4<0>, C4<0>, C4<0>;
v00000000028a7870_0 .net *"_s16", 0 0, L_000000000291bfc8;  1 drivers
v00000000028a7230_0 .net *"_s17", 1 0, L_0000000002967100;  1 drivers
v00000000028a6b50_0 .net *"_s3", 1 0, L_000000000291b620;  1 drivers
L_000000000291bf38 .functor BUFT 1, C4<0>, C4<0>, C4<0>, C4<0>;
v00000000028a70f0_0 .net *"_s6", 0 0, L_000000000291bf38;  1 drivers
v00000000028a6fb0_0 .net *"_s7", 1 0, L_000000000291b800;  1 drivers
v00000000028a72d0_0 .net "a", 0 0, L_0000000002967740;  1 drivers
v00000000028a7370_0 .net "b", 0 0, L_0000000002966a20;  1 drivers
v00000000028a7410_0 .net "cin", 0 0, L_0000000002966fc0;  1 drivers
v00000000028a74b0_0 .net "cout", 0 0, L_000000000291b4e0;  1 drivers
v00000000028a7550_0 .net "s", 0 0, L_000000000291b580;  1 drivers
L_000000000291b4e0 .part L_0000000002967100, 1, 1;
L_000000000291b580 .part L_0000000002967100, 0, 1;
L_000000000291b620 .concat [ 1 1 0 0], L_0000000002966fc0, L_000000000291bf38;
L_000000000291b800 .concat [ 1 1 0 0], L_0000000002967740, L_000000000291bf80;
L_000000000291b9e0 .arith/sum 2, L_000000000291b620, L_000000000291b800;
L_0000000002967420 .concat [ 1 1 0 0], L_0000000002966a20, L_000000000291bfc8;
L_0000000002967100 .arith/sum 2, L_000000000291b9e0, L_0000000002967420;
S_00000000028457e0 .scope generate, "genblk1[1]" "genblk1[1]" 2 14, 2 14 0, S_00000000011e7930;
 .timescale 0 0;
P_00000000028a4f10 .param/l "n" 0 2 14, +C4<01>;
S_0000000002845960 .scope module, "fa" "fa" 2 15, 2 1 0, S_00000000028457e0;
 .timescale 0 0;
    .port_info 0 /OUTPUT 1 "s"
    .port_info 1 /OUTPUT 1 "cout"
    .port_info 2 /INPUT 1 "a"
    .port_info 3 /INPUT 1 "b"
    .port_info 4 /INPUT 1 "cin"
L_000000000291c058 .functor BUFT 1, C4<0>, C4<0>, C4<0>, C4<0>;
v00000000028a77d0_0 .net *"_s10", 0 0, L_000000000291c058;  1 drivers
v00000000028a75f0_0 .net *"_s11", 1 0, L_00000000029671a0;  1 drivers
v00000000028a7a50_0 .net *"_s13", 1 0, L_00000000029672e0;  1 drivers
L_000000000291c0a0 .functor BUFT 1, C4<0>, C4<0>, C4<0>, C4<0>;
v00000000028a7b90_0 .net *"_s16", 0 0, L_000000000291c0a0;  1 drivers
v00000000028a7f50_0 .net *"_s17", 1 0, L_0000000002967d80;  1 drivers
v00000000028a7c30_0 .net *"_s3", 1 0, L_00000000029668e0;  1 drivers
L_000000000291c010 .functor BUFT 1, C4<0>, C4<0>, C4<0>, C4<0>;
v00000000028a7e10_0 .net *"_s6", 0 0, L_000000000291c010;  1 drivers
v00000000028a8270_0 .net *"_s7", 1 0, L_0000000002967380;  1 drivers
v00000000028a8090_0 .net "a", 0 0, L_00000000029674c0;  1 drivers
v00000000028a8130_0 .net "b", 0 0, L_00000000029679c0;  1 drivers
v00000000028a6470_0 .net "cin", 0 0, L_0000000002966980;  1 drivers
v00000000028908f0_0 .net "cout", 0 0, L_0000000002967c40;  1 drivers
v000000000287b120_0 .net "s", 0 0, L_0000000002967b00;  1 drivers
L_0000000002967c40 .part L_0000000002967d80, 1, 1;
L_0000000002967b00 .part L_0000000002967d80, 0, 1;
L_00000000029668e0 .concat [ 1 1 0 0], L_0000000002966980, L_000000000291c010;
L_0000000002967380 .concat [ 1 1 0 0], L_00000000029674c0, L_000000000291c058;
L_00000000029671a0 .arith/sum 2, L_00000000029668e0, L_0000000002967380;
L_00000000029672e0 .concat [ 1 1 0 0], L_00000000029679c0, L_000000000291c0a0;
L_0000000002967d80 .arith/sum 2, L_00000000029671a0, L_00000000029672e0;
S_00000000028fe920 .scope generate, "genblk1[2]" "genblk1[2]" 2 14, 2 14 0, S_00000000011e7930;
 .timescale 0 0;
P_00000000028a4fd0 .param/l "n" 0 2 14, +C4<010>;
S_00000000028feaa0 .scope module, "fa" "fa" 2 15, 2 1 0, S_00000000028fe920;
 .timescale 0 0;
    .port_info 0 /OUTPUT 1 "s"
    .port_info 1 /OUTPUT 1 "cout"
    .port_info 2 /INPUT 1 "a"
    .port_info 3 /INPUT 1 "b"
    .port_info 4 /INPUT 1 "cin"
L_000000000291c130 .functor BUFT 1, C4<0>, C4<0>, C4<0>, C4<0>;
v00000000029049a0_0 .net *"_s10", 0 0, L_000000000291c130;  1 drivers
v0000000002904220_0 .net *"_s11", 1 0, L_0000000002967a60;  1 drivers
v0000000002904cc0_0 .net *"_s13", 1 0, L_0000000002966c00;  1 drivers
L_000000000291c178 .functor BUFT 1, C4<0>, C4<0>, C4<0>, C4<0>;
v0000000002904540_0 .net *"_s16", 0 0, L_000000000291c178;  1 drivers
v0000000002905d00_0 .net *"_s17", 1 0, L_0000000002966ca0;  1 drivers
v0000000002905760_0 .net *"_s3", 1 0, L_0000000002967600;  1 drivers
L_000000000291c0e8 .functor BUFT 1, C4<0>, C4<0>, C4<0>, C4<0>;
v00000000029051c0_0 .net *"_s6", 0 0, L_000000000291c0e8;  1 drivers
v0000000002905260_0 .net *"_s7", 1 0, L_0000000002966b60;  1 drivers
v0000000002904d60_0 .net "a", 0 0, L_0000000002966d40;  1 drivers
v0000000002904400_0 .net "b", 0 0, L_0000000002967060;  1 drivers
v00000000029042c0_0 .net "cin", 0 0, L_0000000002966de0;  1 drivers
v0000000002905b20_0 .net "cout", 0 0, L_00000000029667a0;  1 drivers
v00000000029045e0_0 .net "s", 0 0, L_0000000002966ac0;  1 drivers
L_00000000029667a0 .part L_0000000002966ca0, 1, 1;
L_0000000002966ac0 .part L_0000000002966ca0, 0, 1;
L_0000000002967600 .concat [ 1 1 0 0], L_0000000002966de0, L_000000000291c0e8;
L_0000000002966b60 .concat [ 1 1 0 0], L_0000000002966d40, L_000000000291c130;
L_0000000002967a60 .arith/sum 2, L_0000000002967600, L_0000000002966b60;
L_0000000002966c00 .concat [ 1 1 0 0], L_0000000002967060, L_000000000291c178;
L_0000000002966ca0 .arith/sum 2, L_0000000002967a60, L_0000000002966c00;
S_00000000028fec20 .scope generate, "genblk1[3]" "genblk1[3]" 2 14, 2 14 0, S_00000000011e7930;
 .timescale 0 0;
P_00000000028a5090 .param/l "n" 0 2 14, +C4<011>;
S_00000000028feda0 .scope module, "fa" "fa" 2 15, 2 1 0, S_00000000028fec20;
 .timescale 0 0;
    .port_info 0 /OUTPUT 1 "s"
    .port_info 1 /OUTPUT 1 "cout"
    .port_info 2 /INPUT 1 "a"
    .port_info 3 /INPUT 1 "b"
    .port_info 4 /INPUT 1 "cin"
L_000000000291c208 .functor BUFT 1, C4<0>, C4<0>, C4<0>, C4<0>;
v0000000002905120_0 .net *"_s10", 0 0, L_000000000291c208;  1 drivers
v0000000002904900_0 .net *"_s11", 1 0, L_0000000002967240;  1 drivers
v0000000002905580_0 .net *"_s13", 1 0, L_00000000029677e0;  1 drivers
L_000000000291c250 .functor BUFT 1, C4<0>, C4<0>, C4<0>, C4<0>;
v0000000002904e00_0 .net *"_s16", 0 0, L_000000000291c250;  1 drivers
v0000000002905300_0 .net *"_s17", 1 0, L_0000000002967880;  1 drivers
v0000000002904360_0 .net *"_s3", 1 0, L_0000000002966f20;  1 drivers
L_000000000291c1c0 .functor BUFT 1, C4<0>, C4<0>, C4<0>, C4<0>;
v0000000002904680_0 .net *"_s6", 0 0, L_000000000291c1c0;  1 drivers
v00000000029044a0_0 .net *"_s7", 1 0, L_00000000029676a0;  1 drivers
v0000000002904720_0 .net "a", 0 0, L_0000000002967ba0;  1 drivers
v00000000029047c0_0 .net "b", 0 0, L_0000000002967ce0;  1 drivers
v0000000002905da0_0 .net "cin", 0 0, L_0000000002967e20;  1 drivers
v0000000002904b80_0 .net "cout", 0 0, L_0000000002966e80;  1 drivers
v0000000002904180_0 .net "s", 0 0, L_0000000002967560;  1 drivers
L_0000000002966e80 .part L_0000000002967880, 1, 1;
L_0000000002967560 .part L_0000000002967880, 0, 1;
L_0000000002966f20 .concat [ 1 1 0 0], L_0000000002967e20, L_000000000291c1c0;
L_00000000029676a0 .concat [ 1 1 0 0], L_0000000002967ba0, L_000000000291c208;
L_0000000002967240 .arith/sum 2, L_0000000002966f20, L_00000000029676a0;
L_00000000029677e0 .concat [ 1 1 0 0], L_0000000002967ce0, L_000000000291c250;
L_0000000002967880 .arith/sum 2, L_0000000002967240, L_00000000029677e0;
S_00000000029060a0 .scope module, "w2" "wide_adder" 2 76, 2 5 0, S_00000000011e77b0;
 .timescale 0 0;
    .port_info 0 /OUTPUT 4 "s"
    .port_info 1 /OUTPUT 1 "cout"
    .port_info 2 /INPUT 4 "a"
    .port_info 3 /INPUT 4 "b"
    .port_info 4 /INPUT 1 "cin"
P_00000000028a4690 .param/l "width" 0 2 5, C4<0100>;
L_000000000289c9d0 .functor BUFZ 1, v000000000291bd00_0, C4<0>, C4<0>, C4<0>;
v00000000029071d0_0 .net *"_s33", 0 0, L_000000000289c9d0;  1 drivers
v0000000002908530_0 .net "a", 3 0, L_0000000002964e00;  1 drivers
v00000000029073b0_0 .net "b", 3 0, L_0000000002965a80;  1 drivers
v0000000002907630_0 .net "c", 4 0, L_0000000002964c20;  1 drivers
v0000000002907d10_0 .net "cin", 0 0, v000000000291bd00_0;  1 drivers
v0000000002906c30_0 .net "cout", 0 0, L_0000000002966160;  alias, 1 drivers
v00000000029085d0_0 .net "s", 3 0, L_00000000029642c0;  alias, 1 drivers
L_00000000029651c0 .part L_0000000002964e00, 0, 1;
L_0000000002965440 .part L_0000000002965a80, 0, 1;
L_0000000002964d60 .part L_0000000002964c20, 0, 1;
L_0000000002965da0 .part L_0000000002964e00, 1, 1;
L_0000000002966700 .part L_0000000002965a80, 1, 1;
L_00000000029647c0 .part L_0000000002964c20, 1, 1;
L_00000000029656c0 .part L_0000000002964e00, 2, 1;
L_0000000002965ee0 .part L_0000000002965a80, 2, 1;
L_0000000002965e40 .part L_0000000002964c20, 2, 1;
L_00000000029642c0 .concat8 [ 1 1 1 1], L_00000000029653a0, L_0000000002965f80, L_0000000002965d00, L_0000000002966340;
L_0000000002965300 .part L_0000000002964e00, 3, 1;
L_00000000029644a0 .part L_0000000002965a80, 3, 1;
L_00000000029660c0 .part L_0000000002964c20, 3, 1;
LS_0000000002964c20_0_0 .concat8 [ 1 1 1 1], L_000000000289c9d0, L_0000000002965bc0, L_0000000002965b20, L_0000000002965760;
LS_0000000002964c20_0_4 .concat8 [ 1 0 0 0], L_0000000002966520;
L_0000000002964c20 .concat8 [ 4 1 0 0], LS_0000000002964c20_0_0, LS_0000000002964c20_0_4;
L_0000000002966160 .part L_0000000002964c20, 4, 1;
S_0000000002906220 .scope generate, "genblk1[0]" "genblk1[0]" 2 14, 2 14 0, S_00000000029060a0;
 .timescale 0 0;
P_00000000028a52d0 .param/l "n" 0 2 14, +C4<00>;
S_00000000029063a0 .scope module, "fa" "fa" 2 15, 2 1 0, S_0000000002906220;
 .timescale 0 0;
    .port_info 0 /OUTPUT 1 "s"
    .port_info 1 /OUTPUT 1 "cout"
    .port_info 2 /INPUT 1 "a"
    .port_info 3 /INPUT 1 "b"
    .port_info 4 /INPUT 1 "cin"
L_000000000291c2e0 .functor BUFT 1, C4<0>, C4<0>, C4<0>, C4<0>;
v0000000002904c20_0 .net *"_s10", 0 0, L_000000000291c2e0;  1 drivers
v0000000002905940_0 .net *"_s11", 1 0, L_0000000002964680;  1 drivers
v0000000002904ea0_0 .net *"_s13", 1 0, L_00000000029640e0;  1 drivers
L_000000000291c328 .functor BUFT 1, C4<0>, C4<0>, C4<0>, C4<0>;
v0000000002904f40_0 .net *"_s16", 0 0, L_000000000291c328;  1 drivers
v0000000002904fe0_0 .net *"_s17", 1 0, L_00000000029658a0;  1 drivers
v0000000002905080_0 .net *"_s3", 1 0, L_00000000029649a0;  1 drivers
L_000000000291c298 .functor BUFT 1, C4<0>, C4<0>, C4<0>, C4<0>;
v00000000029053a0_0 .net *"_s6", 0 0, L_000000000291c298;  1 drivers
v00000000029040e0_0 .net *"_s7", 1 0, L_0000000002964040;  1 drivers
v0000000002905440_0 .net "a", 0 0, L_00000000029651c0;  1 drivers
v0000000002905620_0 .net "b", 0 0, L_0000000002965440;  1 drivers
v00000000029056c0_0 .net "cin", 0 0, L_0000000002964d60;  1 drivers
v0000000002905800_0 .net "cout", 0 0, L_0000000002965bc0;  1 drivers
v00000000029058a0_0 .net "s", 0 0, L_00000000029653a0;  1 drivers
L_0000000002965bc0 .part L_00000000029658a0, 1, 1;
L_00000000029653a0 .part L_00000000029658a0, 0, 1;
L_00000000029649a0 .concat [ 1 1 0 0], L_0000000002964d60, L_000000000291c298;
L_0000000002964040 .concat [ 1 1 0 0], L_00000000029651c0, L_000000000291c2e0;
L_0000000002964680 .arith/sum 2, L_00000000029649a0, L_0000000002964040;
L_00000000029640e0 .concat [ 1 1 0 0], L_0000000002965440, L_000000000291c328;
L_00000000029658a0 .arith/sum 2, L_0000000002964680, L_00000000029640e0;
S_0000000002906520 .scope generate, "genblk1[1]" "genblk1[1]" 2 14, 2 14 0, S_00000000029060a0;
 .timescale 0 0;
P_00000000028a5350 .param/l "n" 0 2 14, +C4<01>;
S_00000000029066a0 .scope module, "fa" "fa" 2 15, 2 1 0, S_0000000002906520;
 .timescale 0 0;
    .port_info 0 /OUTPUT 1 "s"
    .port_info 1 /OUTPUT 1 "cout"
    .port_info 2 /INPUT 1 "a"
    .port_info 3 /INPUT 1 "b"
    .port_info 4 /INPUT 1 "cin"
L_000000000291c3b8 .functor BUFT 1, C4<0>, C4<0>, C4<0>, C4<0>;
v00000000029059e0_0 .net *"_s10", 0 0, L_000000000291c3b8;  1 drivers
v0000000002905a80_0 .net *"_s11", 1 0, L_0000000002964220;  1 drivers
v0000000002905bc0_0 .net *"_s13", 1 0, L_0000000002965c60;  1 drivers
L_000000000291c400 .functor BUFT 1, C4<0>, C4<0>, C4<0>, C4<0>;
v0000000002905c60_0 .net *"_s16", 0 0, L_000000000291c400;  1 drivers
v00000000029082b0_0 .net *"_s17", 1 0, L_0000000002964a40;  1 drivers
v0000000002906cd0_0 .net *"_s3", 1 0, L_0000000002964180;  1 drivers
L_000000000291c370 .functor BUFT 1, C4<0>, C4<0>, C4<0>, C4<0>;
v0000000002906af0_0 .net *"_s6", 0 0, L_000000000291c370;  1 drivers
v0000000002907810_0 .net *"_s7", 1 0, L_00000000029654e0;  1 drivers
v0000000002908170_0 .net "a", 0 0, L_0000000002965da0;  1 drivers
v0000000002907bd0_0 .net "b", 0 0, L_0000000002966700;  1 drivers
v0000000002906870_0 .net "cin", 0 0, L_00000000029647c0;  1 drivers
v00000000029074f0_0 .net "cout", 0 0, L_0000000002965b20;  1 drivers
v0000000002907b30_0 .net "s", 0 0, L_0000000002965f80;  1 drivers
L_0000000002965b20 .part L_0000000002964a40, 1, 1;
L_0000000002965f80 .part L_0000000002964a40, 0, 1;
L_0000000002964180 .concat [ 1 1 0 0], L_00000000029647c0, L_000000000291c370;
L_00000000029654e0 .concat [ 1 1 0 0], L_0000000002965da0, L_000000000291c3b8;
L_0000000002964220 .arith/sum 2, L_0000000002964180, L_00000000029654e0;
L_0000000002965c60 .concat [ 1 1 0 0], L_0000000002966700, L_000000000291c400;
L_0000000002964a40 .arith/sum 2, L_0000000002964220, L_0000000002965c60;
S_0000000002908830 .scope generate, "genblk1[2]" "genblk1[2]" 2 14, 2 14 0, S_00000000029060a0;
 .timescale 0 0;
P_00000000028a5390 .param/l "n" 0 2 14, +C4<010>;
S_0000000002908a00 .scope module, "fa" "fa" 2 15, 2 1 0, S_0000000002908830;
 .timescale 0 0;
    .port_info 0 /OUTPUT 1 "s"
    .port_info 1 /OUTPUT 1 "cout"
    .port_info 2 /INPUT 1 "a"
    .port_info 3 /INPUT 1 "b"
    .port_info 4 /INPUT 1 "cin"
L_000000000291c490 .functor BUFT 1, C4<0>, C4<0>, C4<0>, C4<0>;
v0000000002908670_0 .net *"_s10", 0 0, L_000000000291c490;  1 drivers
v0000000002907c70_0 .net *"_s11", 1 0, L_0000000002965800;  1 drivers
v0000000002907f90_0 .net *"_s13", 1 0, L_0000000002964400;  1 drivers
L_000000000291c4d8 .functor BUFT 1, C4<0>, C4<0>, C4<0>, C4<0>;
v0000000002907310_0 .net *"_s16", 0 0, L_000000000291c4d8;  1 drivers
v0000000002908350_0 .net *"_s17", 1 0, L_0000000002965580;  1 drivers
v0000000002908030_0 .net *"_s3", 1 0, L_0000000002965940;  1 drivers
L_000000000291c448 .functor BUFT 1, C4<0>, C4<0>, C4<0>, C4<0>;
v0000000002908490_0 .net *"_s6", 0 0, L_000000000291c448;  1 drivers
v0000000002907090_0 .net *"_s7", 1 0, L_0000000002965260;  1 drivers
v00000000029078b0_0 .net "a", 0 0, L_00000000029656c0;  1 drivers
v0000000002906ff0_0 .net "b", 0 0, L_0000000002965ee0;  1 drivers
v0000000002906d70_0 .net "cin", 0 0, L_0000000002965e40;  1 drivers
v0000000002908710_0 .net "cout", 0 0, L_0000000002965760;  1 drivers
v0000000002907e50_0 .net "s", 0 0, L_0000000002965d00;  1 drivers
L_0000000002965760 .part L_0000000002965580, 1, 1;
L_0000000002965d00 .part L_0000000002965580, 0, 1;
L_0000000002965940 .concat [ 1 1 0 0], L_0000000002965e40, L_000000000291c448;
L_0000000002965260 .concat [ 1 1 0 0], L_00000000029656c0, L_000000000291c490;
L_0000000002965800 .arith/sum 2, L_0000000002965940, L_0000000002965260;
L_0000000002964400 .concat [ 1 1 0 0], L_0000000002965ee0, L_000000000291c4d8;
L_0000000002965580 .arith/sum 2, L_0000000002965800, L_0000000002964400;
S_0000000002909000 .scope generate, "genblk1[3]" "genblk1[3]" 2 14, 2 14 0, S_00000000029060a0;
 .timescale 0 0;
P_00000000028a4450 .param/l "n" 0 2 14, +C4<011>;
S_0000000002909780 .scope module, "fa" "fa" 2 15, 2 1 0, S_0000000002909000;
 .timescale 0 0;
    .port_info 0 /OUTPUT 1 "s"
    .port_info 1 /OUTPUT 1 "cout"
    .port_info 2 /INPUT 1 "a"
    .port_info 3 /INPUT 1 "b"
    .port_info 4 /INPUT 1 "cin"
L_000000000291c568 .functor BUFT 1, C4<0>, C4<0>, C4<0>, C4<0>;
v0000000002906910_0 .net *"_s10", 0 0, L_000000000291c568;  1 drivers
v0000000002907130_0 .net *"_s11", 1 0, L_00000000029659e0;  1 drivers
v00000000029080d0_0 .net *"_s13", 1 0, L_0000000002966020;  1 drivers
L_000000000291c5b0 .functor BUFT 1, C4<0>, C4<0>, C4<0>, C4<0>;
v0000000002906eb0_0 .net *"_s16", 0 0, L_000000000291c5b0;  1 drivers
v0000000002908210_0 .net *"_s17", 1 0, L_0000000002964b80;  1 drivers
v00000000029083f0_0 .net *"_s3", 1 0, L_0000000002964ae0;  1 drivers
L_000000000291c520 .functor BUFT 1, C4<0>, C4<0>, C4<0>, C4<0>;
v0000000002907ef0_0 .net *"_s6", 0 0, L_000000000291c520;  1 drivers
v0000000002907590_0 .net *"_s7", 1 0, L_0000000002965620;  1 drivers
v00000000029069b0_0 .net "a", 0 0, L_0000000002965300;  1 drivers
v0000000002906a50_0 .net "b", 0 0, L_00000000029644a0;  1 drivers
v00000000029079f0_0 .net "cin", 0 0, L_00000000029660c0;  1 drivers
v0000000002907db0_0 .net "cout", 0 0, L_0000000002966520;  1 drivers
v0000000002906b90_0 .net "s", 0 0, L_0000000002966340;  1 drivers
L_0000000002966520 .part L_0000000002964b80, 1, 1;
L_0000000002966340 .part L_0000000002964b80, 0, 1;
L_0000000002964ae0 .concat [ 1 1 0 0], L_00000000029660c0, L_000000000291c520;
L_0000000002965620 .concat [ 1 1 0 0], L_0000000002965300, L_000000000291c568;
L_00000000029659e0 .arith/sum 2, L_0000000002964ae0, L_0000000002965620;
L_0000000002966020 .concat [ 1 1 0 0], L_00000000029644a0, L_000000000291c5b0;
L_0000000002964b80 .arith/sum 2, L_00000000029659e0, L_0000000002966020;
S_0000000002908d00 .scope module, "w3" "wide_adder" 2 77, 2 5 0, S_00000000011e77b0;
 .timescale 0 0;
    .port_info 0 /OUTPUT 4 "s"
    .port_info 1 /OUTPUT 1 "cout"
    .port_info 2 /INPUT 4 "a"
    .port_info 3 /INPUT 4 "b"
    .port_info 4 /INPUT 1 "cin"
P_00000000028a44d0 .param/l "width" 0 2 5, C4<0100>;
L_000000000289cab0 .functor BUFZ 1, v000000000291a220_0, C4<0>, C4<0>, C4<0>;
v000000000290aef0_0 .net *"_s33", 0 0, L_000000000289cab0;  1 drivers
v000000000290b710_0 .net "a", 3 0, L_000000000296acb0;  1 drivers
v000000000290af90_0 .net "b", 3 0, L_000000000296c330;  1 drivers
v000000000290b030_0 .net "c", 4 0, L_000000000296ab70;  1 drivers
v000000000290b7b0_0 .net "cin", 0 0, v000000000291a220_0;  1 drivers
v000000000290b850_0 .net "cout", 0 0, L_000000000296a8f0;  alias, 1 drivers
v0000000002917e50_0 .net "s", 3 0, L_000000000296b570;  alias, 1 drivers
L_0000000002966660 .part L_000000000296acb0, 0, 1;
L_0000000002963fa0 .part L_000000000296c330, 0, 1;
L_0000000002964360 .part L_000000000296ab70, 0, 1;
L_000000000296c650 .part L_000000000296acb0, 1, 1;
L_000000000296c010 .part L_000000000296c330, 1, 1;
L_000000000296aa30 .part L_000000000296ab70, 1, 1;
L_000000000296c0b0 .part L_000000000296acb0, 2, 1;
L_000000000296c510 .part L_000000000296c330, 2, 1;
L_000000000296a350 .part L_000000000296ab70, 2, 1;
L_000000000296b570 .concat8 [ 1 1 1 1], L_0000000002964540, L_0000000002964860, L_000000000296c470, L_000000000296a2b0;
L_000000000296a0d0 .part L_000000000296acb0, 3, 1;
L_000000000296a710 .part L_000000000296c330, 3, 1;
L_000000000296b610 .part L_000000000296ab70, 3, 1;
LS_000000000296ab70_0_0 .concat8 [ 1 1 1 1], L_000000000289cab0, L_00000000029663e0, L_0000000002964720, L_000000000296c790;
LS_000000000296ab70_0_4 .concat8 [ 1 0 0 0], L_000000000296ac10;
L_000000000296ab70 .concat8 [ 4 1 0 0], LS_000000000296ab70_0_0, LS_000000000296ab70_0_4;
L_000000000296a8f0 .part L_000000000296ab70, 4, 1;
S_0000000002909300 .scope generate, "genblk1[0]" "genblk1[0]" 2 14, 2 14 0, S_0000000002908d00;
 .timescale 0 0;
P_00000000028a46d0 .param/l "n" 0 2 14, +C4<00>;
S_0000000002908b80 .scope module, "fa" "fa" 2 15, 2 1 0, S_0000000002909300;
 .timescale 0 0;
    .port_info 0 /OUTPUT 1 "s"
    .port_info 1 /OUTPUT 1 "cout"
    .port_info 2 /INPUT 1 "a"
    .port_info 3 /INPUT 1 "b"
    .port_info 4 /INPUT 1 "cin"
L_000000000291c640 .functor BUFT 1, C4<0>, C4<0>, C4<0>, C4<0>;
v0000000002906e10_0 .net *"_s10", 0 0, L_000000000291c640;  1 drivers
v0000000002906f50_0 .net *"_s11", 1 0, L_0000000002966200;  1 drivers
v0000000002907270_0 .net *"_s13", 1 0, L_00000000029662a0;  1 drivers
L_000000000291c688 .functor BUFT 1, C4<0>, C4<0>, C4<0>, C4<0>;
v0000000002907450_0 .net *"_s16", 0 0, L_000000000291c688;  1 drivers
v00000000029076d0_0 .net *"_s17", 1 0, L_0000000002964cc0;  1 drivers
v0000000002907770_0 .net *"_s3", 1 0, L_0000000002966480;  1 drivers
L_000000000291c5f8 .functor BUFT 1, C4<0>, C4<0>, C4<0>, C4<0>;
v0000000002907950_0 .net *"_s6", 0 0, L_000000000291c5f8;  1 drivers
v0000000002907a90_0 .net *"_s7", 1 0, L_00000000029665c0;  1 drivers
v000000000290b8f0_0 .net "a", 0 0, L_0000000002966660;  1 drivers
v000000000290a8b0_0 .net "b", 0 0, L_0000000002963fa0;  1 drivers
v000000000290a4f0_0 .net "cin", 0 0, L_0000000002964360;  1 drivers
v000000000290bcb0_0 .net "cout", 0 0, L_00000000029663e0;  1 drivers
v000000000290abd0_0 .net "s", 0 0, L_0000000002964540;  1 drivers
L_00000000029663e0 .part L_0000000002964cc0, 1, 1;
L_0000000002964540 .part L_0000000002964cc0, 0, 1;
L_0000000002966480 .concat [ 1 1 0 0], L_0000000002964360, L_000000000291c5f8;
L_00000000029665c0 .concat [ 1 1 0 0], L_0000000002966660, L_000000000291c640;
L_0000000002966200 .arith/sum 2, L_0000000002966480, L_00000000029665c0;
L_00000000029662a0 .concat [ 1 1 0 0], L_0000000002963fa0, L_000000000291c688;
L_0000000002964cc0 .arith/sum 2, L_0000000002966200, L_00000000029662a0;
S_0000000002908e80 .scope generate, "genblk1[1]" "genblk1[1]" 2 14, 2 14 0, S_0000000002908d00;
 .timescale 0 0;
P_00000000028a4750 .param/l "n" 0 2 14, +C4<01>;
S_0000000002909180 .scope module, "fa" "fa" 2 15, 2 1 0, S_0000000002908e80;
 .timescale 0 0;
    .port_info 0 /OUTPUT 1 "s"
    .port_info 1 /OUTPUT 1 "cout"
    .port_info 2 /INPUT 1 "a"
    .port_info 3 /INPUT 1 "b"
    .port_info 4 /INPUT 1 "cin"
L_000000000291c718 .functor BUFT 1, C4<0>, C4<0>, C4<0>, C4<0>;
v0000000002909ff0_0 .net *"_s10", 0 0, L_000000000291c718;  1 drivers
v000000000290bad0_0 .net *"_s11", 1 0, L_0000000002964fe0;  1 drivers
v000000000290a950_0 .net *"_s13", 1 0, L_0000000002965080;  1 drivers
L_000000000291c760 .functor BUFT 1, C4<0>, C4<0>, C4<0>, C4<0>;
v000000000290bb70_0 .net *"_s16", 0 0, L_000000000291c760;  1 drivers
v000000000290b490_0 .net *"_s17", 1 0, L_000000000296c150;  1 drivers
v000000000290a770_0 .net *"_s3", 1 0, L_0000000002964ea0;  1 drivers
L_000000000291c6d0 .functor BUFT 1, C4<0>, C4<0>, C4<0>, C4<0>;
v000000000290aa90_0 .net *"_s6", 0 0, L_000000000291c6d0;  1 drivers
v000000000290a590_0 .net *"_s7", 1 0, L_0000000002964f40;  1 drivers
v0000000002909f50_0 .net "a", 0 0, L_000000000296c650;  1 drivers
v000000000290b210_0 .net "b", 0 0, L_000000000296c010;  1 drivers
v000000000290bc10_0 .net "cin", 0 0, L_000000000296aa30;  1 drivers
v000000000290b350_0 .net "cout", 0 0, L_0000000002964720;  1 drivers
v0000000002909e10_0 .net "s", 0 0, L_0000000002964860;  1 drivers
L_0000000002964720 .part L_000000000296c150, 1, 1;
L_0000000002964860 .part L_000000000296c150, 0, 1;
L_0000000002964ea0 .concat [ 1 1 0 0], L_000000000296aa30, L_000000000291c6d0;
L_0000000002964f40 .concat [ 1 1 0 0], L_000000000296c650, L_000000000291c718;
L_0000000002964fe0 .arith/sum 2, L_0000000002964ea0, L_0000000002964f40;
L_0000000002965080 .concat [ 1 1 0 0], L_000000000296c010, L_000000000291c760;
L_000000000296c150 .arith/sum 2, L_0000000002964fe0, L_0000000002965080;
S_0000000002909480 .scope generate, "genblk1[2]" "genblk1[2]" 2 14, 2 14 0, S_0000000002908d00;
 .timescale 0 0;
P_00000000028a4890 .param/l "n" 0 2 14, +C4<010>;
S_0000000002909600 .scope module, "fa" "fa" 2 15, 2 1 0, S_0000000002909480;
 .timescale 0 0;
    .port_info 0 /OUTPUT 1 "s"
    .port_info 1 /OUTPUT 1 "cout"
    .port_info 2 /INPUT 1 "a"
    .port_info 3 /INPUT 1 "b"
    .port_info 4 /INPUT 1 "cin"
L_000000000291c7f0 .functor BUFT 1, C4<0>, C4<0>, C4<0>, C4<0>;
v000000000290ba30_0 .net *"_s10", 0 0, L_000000000291c7f0;  1 drivers
v0000000002909eb0_0 .net *"_s11", 1 0, L_000000000296bcf0;  1 drivers
v000000000290ad10_0 .net *"_s13", 1 0, L_000000000296bc50;  1 drivers
L_000000000291c838 .functor BUFT 1, C4<0>, C4<0>, C4<0>, C4<0>;
v000000000290b0d0_0 .net *"_s16", 0 0, L_000000000291c838;  1 drivers
v000000000290b5d0_0 .net *"_s17", 1 0, L_000000000296b9d0;  1 drivers
v000000000290a450_0 .net *"_s3", 1 0, L_000000000296b930;  1 drivers
L_000000000291c7a8 .functor BUFT 1, C4<0>, C4<0>, C4<0>, C4<0>;
v000000000290b990_0 .net *"_s6", 0 0, L_000000000291c7a8;  1 drivers
v000000000290ab30_0 .net *"_s7", 1 0, L_000000000296aad0;  1 drivers
v000000000290b170_0 .net "a", 0 0, L_000000000296c0b0;  1 drivers
v000000000290a090_0 .net "b", 0 0, L_000000000296c510;  1 drivers
v000000000290ac70_0 .net "cin", 0 0, L_000000000296a350;  1 drivers
v000000000290a310_0 .net "cout", 0 0, L_000000000296c790;  1 drivers
v000000000290a6d0_0 .net "s", 0 0, L_000000000296c470;  1 drivers
L_000000000296c790 .part L_000000000296b9d0, 1, 1;
L_000000000296c470 .part L_000000000296b9d0, 0, 1;
L_000000000296b930 .concat [ 1 1 0 0], L_000000000296a350, L_000000000291c7a8;
L_000000000296aad0 .concat [ 1 1 0 0], L_000000000296c0b0, L_000000000291c7f0;
L_000000000296bcf0 .arith/sum 2, L_000000000296b930, L_000000000296aad0;
L_000000000296bc50 .concat [ 1 1 0 0], L_000000000296c510, L_000000000291c838;
L_000000000296b9d0 .arith/sum 2, L_000000000296bcf0, L_000000000296bc50;
S_0000000002913fb0 .scope generate, "genblk1[3]" "genblk1[3]" 2 14, 2 14 0, S_0000000002908d00;
 .timescale 0 0;
P_00000000028a6250 .param/l "n" 0 2 14, +C4<011>;
S_00000000029154b0 .scope module, "fa" "fa" 2 15, 2 1 0, S_0000000002913fb0;
 .timescale 0 0;
    .port_info 0 /OUTPUT 1 "s"
    .port_info 1 /OUTPUT 1 "cout"
    .port_info 2 /INPUT 1 "a"
    .port_info 3 /INPUT 1 "b"
    .port_info 4 /INPUT 1 "cin"
L_000000000291c8c8 .functor BUFT 1, C4<0>, C4<0>, C4<0>, C4<0>;
v000000000290a810_0 .net *"_s10", 0 0, L_000000000291c8c8;  1 drivers
v000000000290a130_0 .net *"_s11", 1 0, L_000000000296b890;  1 drivers
v000000000290b3f0_0 .net *"_s13", 1 0, L_000000000296be30;  1 drivers
L_000000000291c910 .functor BUFT 1, C4<0>, C4<0>, C4<0>, C4<0>;
v000000000290a1d0_0 .net *"_s16", 0 0, L_000000000291c910;  1 drivers
v000000000290b530_0 .net *"_s17", 1 0, L_000000000296c290;  1 drivers
v000000000290adb0_0 .net *"_s3", 1 0, L_000000000296ba70;  1 drivers
L_000000000291c880 .functor BUFT 1, C4<0>, C4<0>, C4<0>, C4<0>;
v000000000290a630_0 .net *"_s6", 0 0, L_000000000291c880;  1 drivers
v000000000290a270_0 .net *"_s7", 1 0, L_000000000296c5b0;  1 drivers
v000000000290b670_0 .net "a", 0 0, L_000000000296a0d0;  1 drivers
v000000000290b2b0_0 .net "b", 0 0, L_000000000296a710;  1 drivers
v000000000290a3b0_0 .net "cin", 0 0, L_000000000296b610;  1 drivers
v000000000290a9f0_0 .net "cout", 0 0, L_000000000296ac10;  1 drivers
v000000000290ae50_0 .net "s", 0 0, L_000000000296a2b0;  1 drivers
L_000000000296ac10 .part L_000000000296c290, 1, 1;
L_000000000296a2b0 .part L_000000000296c290, 0, 1;
L_000000000296ba70 .concat [ 1 1 0 0], L_000000000296b610, L_000000000291c880;
L_000000000296c5b0 .concat [ 1 1 0 0], L_000000000296a0d0, L_000000000291c8c8;
L_000000000296b890 .arith/sum 2, L_000000000296ba70, L_000000000296c5b0;
L_000000000296be30 .concat [ 1 1 0 0], L_000000000296a710, L_000000000291c910;
L_000000000296c290 .arith/sum 2, L_000000000296b890, L_000000000296be30;
S_0000000002915ab0 .scope module, "w4" "wide_adder" 2 78, 2 5 0, S_00000000011e77b0;
 .timescale 0 0;
    .port_info 0 /OUTPUT 4 "s"
    .port_info 1 /OUTPUT 1 "cout"
    .port_info 2 /INPUT 4 "a"
    .port_info 3 /INPUT 4 "b"
    .port_info 4 /INPUT 1 "cin"
P_00000000028a5f90 .param/l "width" 0 2 5, C4<0100>;
L_000000000289cce0 .functor BUFZ 1, v000000000291b6c0_0, C4<0>, C4<0>, C4<0>;
v000000000291b300_0 .net *"_s33", 0 0, L_000000000289cce0;  1 drivers
v000000000291bc60_0 .net "a", 3 0, v000000000291a680_0;  1 drivers
v000000000291bbc0_0 .net "b", 3 0, v000000000291a4a0_0;  1 drivers
v000000000291b120_0 .net "c", 4 0, L_000000000296d050;  1 drivers
v000000000291acc0_0 .net "cin", 0 0, v000000000291b6c0_0;  1 drivers
v000000000291ad60_0 .net "cout", 0 0, L_000000000296d370;  alias, 1 drivers
v000000000291a900_0 .net "s", 3 0, L_000000000296ce70;  1 drivers
L_000000000296ad50 .part v000000000291a680_0, 0, 1;
L_000000000296a170 .part v000000000291a4a0_0, 0, 1;
L_000000000296b7f0 .part L_000000000296d050, 0, 1;
L_000000000296a490 .part v000000000291a680_0, 1, 1;
L_000000000296adf0 .part v000000000291a4a0_0, 1, 1;
L_000000000296b070 .part L_000000000296d050, 1, 1;
L_000000000296a990 .part v000000000291a680_0, 2, 1;
L_000000000296b1b0 .part v000000000291a4a0_0, 2, 1;
L_000000000296b250 .part L_000000000296d050, 2, 1;
L_000000000296ce70 .concat8 [ 1 1 1 1], L_000000000296ae90, L_000000000296a3f0, L_000000000296a530, L_000000000296b390;
L_000000000296d5f0 .part v000000000291a680_0, 3, 1;
L_000000000296d9b0 .part v000000000291a4a0_0, 3, 1;
L_000000000296d730 .part L_000000000296d050, 3, 1;
LS_000000000296d050_0_0 .concat8 [ 1 1 1 1], L_000000000289cce0, L_000000000296a670, L_000000000296c1f0, L_000000000296a850;
LS_000000000296d050_0_4 .concat8 [ 1 0 0 0], L_000000000296b2f0;
L_000000000296d050 .concat8 [ 4 1 0 0], LS_000000000296d050_0_0, LS_000000000296d050_0_4;
L_000000000296d370 .part L_000000000296d050, 4, 1;
S_0000000002915630 .scope generate, "genblk1[0]" "genblk1[0]" 2 14, 2 14 0, S_0000000002915ab0;
 .timescale 0 0;
P_00000000028a58d0 .param/l "n" 0 2 14, +C4<00>;
S_0000000002914130 .scope module, "fa" "fa" 2 15, 2 1 0, S_0000000002915630;
 .timescale 0 0;
    .port_info 0 /OUTPUT 1 "s"
    .port_info 1 /OUTPUT 1 "cout"
    .port_info 2 /INPUT 1 "a"
    .port_info 3 /INPUT 1 "b"
    .port_info 4 /INPUT 1 "cin"
L_000000000291c9a0 .functor BUFT 1, C4<0>, C4<0>, C4<0>, C4<0>;
v00000000029199d0_0 .net *"_s10", 0 0, L_000000000291c9a0;  1 drivers
v0000000002919a70_0 .net *"_s11", 1 0, L_000000000296b6b0;  1 drivers
v00000000029182b0_0 .net *"_s13", 1 0, L_000000000296a7b0;  1 drivers
L_000000000291c9e8 .functor BUFT 1, C4<0>, C4<0>, C4<0>, C4<0>;
v0000000002918990_0 .net *"_s16", 0 0, L_000000000291c9e8;  1 drivers
v0000000002918030_0 .net *"_s17", 1 0, L_000000000296bd90;  1 drivers
v00000000029188f0_0 .net *"_s3", 1 0, L_000000000296c830;  1 drivers
L_000000000291c958 .functor BUFT 1, C4<0>, C4<0>, C4<0>, C4<0>;
v0000000002919b10_0 .net *"_s6", 0 0, L_000000000291c958;  1 drivers
v00000000029197f0_0 .net *"_s7", 1 0, L_000000000296a5d0;  1 drivers
v0000000002918670_0 .net "a", 0 0, L_000000000296ad50;  1 drivers
v0000000002918a30_0 .net "b", 0 0, L_000000000296a170;  1 drivers
v0000000002918e90_0 .net "cin", 0 0, L_000000000296b7f0;  1 drivers
v00000000029180d0_0 .net "cout", 0 0, L_000000000296a670;  1 drivers
v0000000002919bb0_0 .net "s", 0 0, L_000000000296ae90;  1 drivers
L_000000000296a670 .part L_000000000296bd90, 1, 1;
L_000000000296ae90 .part L_000000000296bd90, 0, 1;
L_000000000296c830 .concat [ 1 1 0 0], L_000000000296b7f0, L_000000000291c958;
L_000000000296a5d0 .concat [ 1 1 0 0], L_000000000296ad50, L_000000000291c9a0;
L_000000000296b6b0 .arith/sum 2, L_000000000296c830, L_000000000296a5d0;
L_000000000296a7b0 .concat [ 1 1 0 0], L_000000000296a170, L_000000000291c9e8;
L_000000000296bd90 .arith/sum 2, L_000000000296b6b0, L_000000000296a7b0;
S_0000000002915030 .scope generate, "genblk1[1]" "genblk1[1]" 2 14, 2 14 0, S_0000000002915ab0;
 .timescale 0 0;
P_00000000028a5f10 .param/l "n" 0 2 14, +C4<01>;
S_0000000002914730 .scope module, "fa" "fa" 2 15, 2 1 0, S_0000000002915030;
 .timescale 0 0;
    .port_info 0 /OUTPUT 1 "s"
    .port_info 1 /OUTPUT 1 "cout"
    .port_info 2 /INPUT 1 "a"
    .port_info 3 /INPUT 1 "b"
    .port_info 4 /INPUT 1 "cin"
L_000000000291ca78 .functor BUFT 1, C4<0>, C4<0>, C4<0>, C4<0>;
v0000000002917ef0_0 .net *"_s10", 0 0, L_000000000291ca78;  1 drivers
v00000000029191b0_0 .net *"_s11", 1 0, L_000000000296c6f0;  1 drivers
v0000000002919250_0 .net *"_s13", 1 0, L_000000000296af30;  1 drivers
L_000000000291cac0 .functor BUFT 1, C4<0>, C4<0>, C4<0>, C4<0>;
v00000000029192f0_0 .net *"_s16", 0 0, L_000000000291cac0;  1 drivers
v0000000002918c10_0 .net *"_s17", 1 0, L_000000000296bed0;  1 drivers
v0000000002918170_0 .net *"_s3", 1 0, L_000000000296a210;  1 drivers
L_000000000291ca30 .functor BUFT 1, C4<0>, C4<0>, C4<0>, C4<0>;
v0000000002918d50_0 .net *"_s6", 0 0, L_000000000291ca30;  1 drivers
v0000000002919390_0 .net *"_s7", 1 0, L_000000000296bb10;  1 drivers
v0000000002919930_0 .net "a", 0 0, L_000000000296a490;  1 drivers
v0000000002919c50_0 .net "b", 0 0, L_000000000296adf0;  1 drivers
v0000000002918f30_0 .net "cin", 0 0, L_000000000296b070;  1 drivers
v0000000002919610_0 .net "cout", 0 0, L_000000000296c1f0;  1 drivers
v0000000002918210_0 .net "s", 0 0, L_000000000296a3f0;  1 drivers
L_000000000296c1f0 .part L_000000000296bed0, 1, 1;
L_000000000296a3f0 .part L_000000000296bed0, 0, 1;
L_000000000296a210 .concat [ 1 1 0 0], L_000000000296b070, L_000000000291ca30;
L_000000000296bb10 .concat [ 1 1 0 0], L_000000000296a490, L_000000000291ca78;
L_000000000296c6f0 .arith/sum 2, L_000000000296a210, L_000000000296bb10;
L_000000000296af30 .concat [ 1 1 0 0], L_000000000296adf0, L_000000000291cac0;
L_000000000296bed0 .arith/sum 2, L_000000000296c6f0, L_000000000296af30;
S_00000000029157b0 .scope generate, "genblk1[2]" "genblk1[2]" 2 14, 2 14 0, S_0000000002915ab0;
 .timescale 0 0;
P_00000000028a5d90 .param/l "n" 0 2 14, +C4<010>;
S_00000000029142b0 .scope module, "fa" "fa" 2 15, 2 1 0, S_00000000029157b0;
 .timescale 0 0;
    .port_info 0 /OUTPUT 1 "s"
    .port_info 1 /OUTPUT 1 "cout"
    .port_info 2 /INPUT 1 "a"
    .port_info 3 /INPUT 1 "b"
    .port_info 4 /INPUT 1 "cin"
L_000000000291cb50 .functor BUFT 1, C4<0>, C4<0>, C4<0>, C4<0>;
v0000000002918490_0 .net *"_s10", 0 0, L_000000000291cb50;  1 drivers
v0000000002918350_0 .net *"_s11", 1 0, L_000000000296bf70;  1 drivers
v0000000002919890_0 .net *"_s13", 1 0, L_000000000296b750;  1 drivers
L_000000000291cb98 .functor BUFT 1, C4<0>, C4<0>, C4<0>, C4<0>;
v0000000002918ad0_0 .net *"_s16", 0 0, L_000000000291cb98;  1 drivers
v0000000002918b70_0 .net *"_s17", 1 0, L_000000000296afd0;  1 drivers
v0000000002918850_0 .net *"_s3", 1 0, L_000000000296c3d0;  1 drivers
L_000000000291cb08 .functor BUFT 1, C4<0>, C4<0>, C4<0>, C4<0>;
v00000000029196b0_0 .net *"_s6", 0 0, L_000000000291cb08;  1 drivers
v0000000002918cb0_0 .net *"_s7", 1 0, L_000000000296b110;  1 drivers
v0000000002919110_0 .net "a", 0 0, L_000000000296a990;  1 drivers
v00000000029183f0_0 .net "b", 0 0, L_000000000296b1b0;  1 drivers
v0000000002918df0_0 .net "cin", 0 0, L_000000000296b250;  1 drivers
v0000000002918fd0_0 .net "cout", 0 0, L_000000000296a850;  1 drivers
v0000000002919070_0 .net "s", 0 0, L_000000000296a530;  1 drivers
L_000000000296a850 .part L_000000000296afd0, 1, 1;
L_000000000296a530 .part L_000000000296afd0, 0, 1;
L_000000000296c3d0 .concat [ 1 1 0 0], L_000000000296b250, L_000000000291cb08;
L_000000000296b110 .concat [ 1 1 0 0], L_000000000296a990, L_000000000291cb50;
L_000000000296bf70 .arith/sum 2, L_000000000296c3d0, L_000000000296b110;
L_000000000296b750 .concat [ 1 1 0 0], L_000000000296b1b0, L_000000000291cb98;
L_000000000296afd0 .arith/sum 2, L_000000000296bf70, L_000000000296b750;
S_0000000002914430 .scope generate, "genblk1[3]" "genblk1[3]" 2 14, 2 14 0, S_0000000002915ab0;
 .timescale 0 0;
P_00000000028a5ad0 .param/l "n" 0 2 14, +C4<011>;
S_00000000029148b0 .scope module, "fa" "fa" 2 15, 2 1 0, S_0000000002914430;
 .timescale 0 0;
    .port_info 0 /OUTPUT 1 "s"
    .port_info 1 /OUTPUT 1 "cout"
    .port_info 2 /INPUT 1 "a"
    .port_info 3 /INPUT 1 "b"
    .port_info 4 /INPUT 1 "cin"
L_000000000291cc28 .functor BUFT 1, C4<0>, C4<0>, C4<0>, C4<0>;
v0000000002919cf0_0 .net *"_s10", 0 0, L_000000000291cc28;  1 drivers
v0000000002918530_0 .net *"_s11", 1 0, L_000000000296bbb0;  1 drivers
v0000000002917f90_0 .net *"_s13", 1 0, L_000000000296d0f0;  1 drivers
L_000000000291cc70 .functor BUFT 1, C4<0>, C4<0>, C4<0>, C4<0>;
v00000000029185d0_0 .net *"_s16", 0 0, L_000000000291cc70;  1 drivers
v0000000002918710_0 .net *"_s17", 1 0, L_000000000296d910;  1 drivers
v00000000029187b0_0 .net *"_s3", 1 0, L_000000000296b430;  1 drivers
L_000000000291cbe0 .functor BUFT 1, C4<0>, C4<0>, C4<0>, C4<0>;
v0000000002919430_0 .net *"_s6", 0 0, L_000000000291cbe0;  1 drivers
v00000000029194d0_0 .net *"_s7", 1 0, L_000000000296b4d0;  1 drivers
v0000000002919570_0 .net "a", 0 0, L_000000000296d5f0;  1 drivers
v0000000002919750_0 .net "b", 0 0, L_000000000296d9b0;  1 drivers
v000000000291a180_0 .net "cin", 0 0, L_000000000296d730;  1 drivers
v000000000291a860_0 .net "cout", 0 0, L_000000000296b2f0;  1 drivers
v000000000291bb20_0 .net "s", 0 0, L_000000000296b390;  1 drivers
L_000000000296b2f0 .part L_000000000296d910, 1, 1;
L_000000000296b390 .part L_000000000296d910, 0, 1;
L_000000000296b430 .concat [ 1 1 0 0], L_000000000296d730, L_000000000291cbe0;
L_000000000296b4d0 .concat [ 1 1 0 0], L_000000000296d5f0, L_000000000291cc28;
L_000000000296bbb0 .arith/sum 2, L_000000000296b430, L_000000000296b4d0;
L_000000000296d0f0 .concat [ 1 1 0 0], L_000000000296d9b0, L_000000000291cc70;
L_000000000296d910 .arith/sum 2, L_000000000296bbb0, L_000000000296d0f0;
    .scope S_00000000011e77b0;
T_0 ;
    %wait E_00000000028a4e50;
    %load/vec4 v000000000291b8a0_0;
    %flag_set/vec4 8;
    %jmp/0xz  T_0.0, 8;
    %pushi/vec4 0, 0, 3;
    %split/vec4 1;
    %assign/vec4 v000000000291b6c0_0, 0;
    %split/vec4 1;
    %assign/vec4 v000000000291a220_0, 0;
    %assign/vec4 v000000000291bd00_0, 0;
    %jmp T_0.1;
T_0.0 ;
    %load/vec4 v000000000291a040_0;
    %store/vec4 v000000000291b760_0, 0, 4;
    %load/vec4 v000000000291b760_0;
    %ix/load 4, 0, 0;
    %ix/load 5, 0, 0;
    %flag_set/imm 4, 0;
    %assign/vec4/off/d v000000000291b940_0, 4, 5;
    %load/vec4 v000000000291ae00_0;
    %ix/load 4, 4, 0;
    %flag_set/imm 4, 0;
    %store/vec4 v000000000291b940_0, 4, 4;
    %load/vec4 v000000000291b940_0;
    %ix/load 4, 0, 0;
    %ix/load 5, 0, 0;
    %flag_set/imm 4, 0;
    %assign/vec4/off/d v000000000291a720_0, 4, 5;
    %load/vec4 v000000000291af40_0;
    %ix/load 4, 8, 0;
    %flag_set/imm 4, 0;
    %store/vec4 v000000000291a720_0, 4, 4;
    %load/vec4 v000000000291a5e0_0;
    %parti/s 12, 4, 4;
    %assign/vec4 v000000000291ab80_0, 0;
    %load/vec4 v000000000291a9a0_0;
    %parti/s 12, 4, 4;
    %assign/vec4 v0000000002919e60_0, 0;
    %load/vec4 v000000000291ab80_0;
    %parti/s 8, 4, 4;
    %assign/vec4 v0000000002919f00_0, 0;
    %load/vec4 v0000000002919e60_0;
    %parti/s 8, 4, 4;
    %assign/vec4 v000000000291afe0_0, 0;
    %load/vec4 v0000000002919f00_0;
    %parti/s 4, 4, 4;
    %assign/vec4 v000000000291a680_0, 0;
    %load/vec4 v000000000291afe0_0;
    %parti/s 4, 4, 4;
    %assign/vec4 v000000000291a4a0_0, 0;
    %load/vec4 v000000000291a2c0_0;
    %assign/vec4 v000000000291bd00_0, 0;
    %load/vec4 v000000000291b260_0;
    %assign/vec4 v000000000291a220_0, 0;
    %load/vec4 v000000000291a360_0;
    %assign/vec4 v000000000291b6c0_0, 0;
T_0.1 ;
    %jmp T_0;
    .thread T_0;
    .scope S_00000000028ad480;
T_1 ;
    %vpi_call 2 132 "$dumpfile", "wide_adder.vcd" {0 0 0};
    %vpi_call 2 133 "$dumpvars" {0 0 0};
    %pushi/vec4 1, 0, 1;
    %store/vec4 v000000000291b3a0_0, 0, 1;
    %pushi/vec4 200, 0, 16;
    %store/vec4 v000000000291a0e0_0, 0, 16;
    %pushi/vec4 0, 0, 16;
    %store/vec4 v000000000291aea0_0, 0, 16;
    %pushi/vec4 0, 0, 1;
    %store/vec4 v000000000291b080_0, 0, 1;
    %pushi/vec4 0, 0, 1;
    %store/vec4 v000000000291a400_0, 0, 1;
    %delay 50, 0;
    %pushi/vec4 0, 0, 1;
    %store/vec4 v000000000291b3a0_0, 0, 1;
    %delay 2000, 0;
    %vpi_call 2 140 "$finish" {0 0 0};
    %end;
    .thread T_1;
    .scope S_00000000028ad480;
T_2 ;
    %delay 5, 0;
    %load/vec4 v000000000291b080_0;
    %inv;
    %store/vec4 v000000000291b080_0, 0, 1;
    %jmp T_2;
    .thread T_2;
    .scope S_00000000028ad480;
T_3 ;
    %wait E_00000000028a4a50;
    %load/vec4 v000000000291a0e0_0;
    %addi 1, 0, 16;
    %assign/vec4 v000000000291a0e0_0, 0;
    %load/vec4 v000000000291aea0_0;
    %addi 1, 0, 16;
    %assign/vec4 v000000000291aea0_0, 0;
    %jmp T_3;
    .thread T_3;
# The file index is used to find the file name in the following table.
:file_names 3;
    "N/A";
    "<interactive>";
    "wide_adder_pipe.v";
